#! /c/Source/iverilog-install/bin/vvp
:ivl_version "12.0 (devel)" "(s20150603-1539-g2693dd32b)";
:ivl_delay_selection "TYPICAL";
:vpi_time_precision + 0;
:vpi_module "D:\iverilog\lib\ivl\system.vpi";
:vpi_module "D:\iverilog\lib\ivl\vhdl_sys.vpi";
:vpi_module "D:\iverilog\lib\ivl\vhdl_textio.vpi";
:vpi_module "D:\iverilog\lib\ivl\v2005_math.vpi";
:vpi_module "D:\iverilog\lib\ivl\va_math.vpi";
S_0000028fca4bcb20 .scope module, "Multiplexer_ALUCtrl" "Multiplexer_ALUCtrl" 2 79;
 .timescale 0 0;
    .port_info 0 /INPUT 4 "A";
    .port_info 1 /INPUT 4 "B";
    .port_info 2 /INPUT 1 "sel";
    .port_info 3 /OUTPUT 4 "Out";
o0000028fca540088 .functor BUFZ 4, C4<zzzz>; HiZ drive
v0000028fca4e4f00_0 .net "A", 3 0, o0000028fca540088;  0 drivers
o0000028fca5400b8 .functor BUFZ 4, C4<zzzz>; HiZ drive
v0000028fca4e5180_0 .net "B", 3 0, o0000028fca5400b8;  0 drivers
v0000028fca4e4280_0 .net "Out", 3 0, L_0000028fca573590;  1 drivers
o0000028fca540118 .functor BUFZ 1, C4<z>; HiZ drive
v0000028fca4e43c0_0 .net "sel", 0 0, o0000028fca540118;  0 drivers
L_0000028fca573590 .functor MUXZ 4, o0000028fca540088, o0000028fca5400b8, o0000028fca540118, C4<>;
S_0000028fca4e3600 .scope module, "Top_Module" "Top_Module" 3 15;
 .timescale 0 0;
    .port_info 0 /INPUT 1 "clk";
    .port_info 1 /INPUT 1 "rst";
v0000028fca572cd0_0 .net "ALUControl", 3 0, v0000028fca4e3c40_0;  1 drivers
v0000028fca573270_0 .net "ALUSrc", 0 0, v0000028fca4e4460_0;  1 drivers
RS_0000028fca540238 .resolv tri, v0000028fca4e57c0_0, v0000028fca4e59a0_0;
v0000028fca572b90_0 .net8 "ALUresult", 31 0, RS_0000028fca540238;  2 drivers
v0000028fca573f90_0 .net "Branch", 0 0, v0000028fca4e4a00_0;  1 drivers
v0000028fca5720f0_0 .net "Carry", 0 0, L_0000028fca4abc60;  1 drivers
v0000028fca572ff0_0 .net "EX_MEM", 107 0, v0000028fca50bee0_0;  1 drivers
v0000028fca572eb0_0 .net "ID_EX", 175 0, v0000028fca50cc00_0;  1 drivers
v0000028fca5736d0_0 .net "IF_ID", 63 0, v0000028fca50cd40_0;  1 drivers
v0000028fca572190_0 .net "ImmExt", 31 0, v0000028fca50d2e0_0;  1 drivers
v0000028fca5734f0_0 .net "ImmType", 1 0, v0000028fca4e5680_0;  1 drivers
v0000028fca572e10_0 .net "Jump", 0 0, v0000028fca4e5360_0;  1 drivers
v0000028fca572870_0 .net "JumpReg", 0 0, v0000028fca4e40a0_0;  1 drivers
v0000028fca572230_0 .net "MEM_WB", 70 0, v0000028fca570fe0_0;  1 drivers
v0000028fca572a50_0 .net "MemRead", 0 0, v0000028fca4e4780_0;  1 drivers
v0000028fca573770_0 .net "MemReadData", 31 0, L_0000028fca5d0140;  1 drivers
v0000028fca573d10_0 .net "MemWrite", 0 0, v0000028fca4e41e0_0;  1 drivers
v0000028fca5722d0_0 .net "PC", 31 0, v0000028fca570720_0;  1 drivers
v0000028fca572370_0 .net "PCPlus4", 31 0, L_0000028fca572550;  1 drivers
v0000028fca573db0_0 .net "PCSrc", 0 0, L_0000028fca574420;  1 drivers
v0000028fca5724b0_0 .net "PC_ALU_Sum", 31 0, L_0000028fca575140;  1 drivers
v0000028fca572d70_0 .net "PC_next", 31 0, L_0000028fca5751e0;  1 drivers
v0000028fca573130_0 .net "RegWrite", 0 0, v0000028fca4e5900_0;  1 drivers
v0000028fca5733b0_0 .net "Result", 31 0, L_0000028fca5d1180;  1 drivers
v0000028fca572730_0 .net "ResultSrc", 1 0, v0000028fca4e3ba0_0;  1 drivers
RS_0000028fca5402c8 .resolv tri, L_0000028fca575960, L_0000028fca5744c0;
v0000028fca572af0_0 .net8 "Zero", 0 0, RS_0000028fca5402c8;  2 drivers
v0000028fca5738b0_0 .net *"_ivl_23", 31 0, L_0000028fca575aa0;  1 drivers
o0000028fca540ef8 .functor BUFZ 1, C4<z>; HiZ drive
v0000028fca5731d0_0 .net "clk", 0 0, o0000028fca540ef8;  0 drivers
v0000028fca5727d0_0 .net "data1", 31 0, L_0000028fca5741a0;  1 drivers
v0000028fca573630_0 .net "data2", 31 0, L_0000028fca575a00;  1 drivers
v0000028fca573e50_0 .net "instruction", 31 0, L_0000028fca575780;  1 drivers
v0000028fca573310_0 .net "rdB", 31 0, L_0000028fca574c40;  1 drivers
o0000028fca540a48 .functor BUFZ 1, C4<z>; HiZ drive
v0000028fca573b30_0 .net "rst", 0 0, o0000028fca540a48;  0 drivers
v0000028fca573450_0 .net "x", 0 0, L_0000028fca5739f0;  1 drivers
L_0000028fca5739f0 .part v0000028fca50bee0_0, 106, 1;
L_0000028fca575280 .part v0000028fca50bee0_0, 70, 32;
L_0000028fca5746a0 .part v0000028fca50cd40_0, 0, 7;
L_0000028fca574ce0 .part v0000028fca50cd40_0, 12, 3;
L_0000028fca575820 .part v0000028fca50cd40_0, 25, 7;
L_0000028fca575e60 .part v0000028fca50cd40_0, 15, 5;
L_0000028fca574100 .part v0000028fca50cd40_0, 20, 5;
L_0000028fca575000 .part v0000028fca570fe0_0, 0, 5;
L_0000028fca5742e0 .part v0000028fca570fe0_0, 69, 1;
L_0000028fca574ba0 .part v0000028fca50cd40_0, 0, 32;
L_0000028fca575fa0 .part v0000028fca50cd40_0, 32, 32;
L_0000028fca575aa0 .part v0000028fca50cd40_0, 0, 32;
L_0000028fca575c80 .concat [ 32 0 0 0], L_0000028fca575aa0;
L_0000028fca575d20 .concat [ 1 1 0 0], v0000028fca4e4780_0, v0000028fca4e41e0_0;
LS_0000028fca5750a0_0_0 .concat [ 4 2 1 1], v0000028fca4e3c40_0, v0000028fca4e5680_0, v0000028fca4e40a0_0, v0000028fca4e5360_0;
LS_0000028fca5750a0_0_4 .concat [ 1 2 1 1], v0000028fca4e4a00_0, v0000028fca4e3ba0_0, L_0000028fca574420, v0000028fca4e4460_0;
L_0000028fca5750a0 .concat [ 8 5 0 0], LS_0000028fca5750a0_0_0, LS_0000028fca5750a0_0_4;
L_0000028fca574920 .part v0000028fca50cc00_0, 96, 32;
L_0000028fca574380 .part v0000028fca50cc00_0, 160, 4;
L_0000028fca5749c0 .part v0000028fca50cc00_0, 64, 32;
L_0000028fca574a60 .part v0000028fca50cc00_0, 32, 32;
L_0000028fca574b00 .part v0000028fca50cc00_0, 172, 1;
L_0000028fca575320 .part v0000028fca50cc00_0, 128, 32;
L_0000028fca5753c0 .part v0000028fca50cc00_0, 32, 32;
L_0000028fca575500 .part v0000028fca50cc00_0, 64, 32;
L_0000028fca575640 .part v0000028fca50cc00_0, 7, 5;
L_0000028fca5756e0 .part v0000028fca50cc00_0, 175, 1;
L_0000028fca5d15e0 .part v0000028fca50cc00_0, 173, 2;
L_0000028fca5d01e0 .part v0000028fca50cc00_0, 168, 1;
L_0000028fca5d0b40 .part v0000028fca50cc00_0, 171, 1;
L_0000028fca5d03c0 .part v0000028fca50cc00_0, 169, 1;
L_0000028fca5d1cc0 .part v0000028fca50bee0_0, 104, 1;
L_0000028fca5d1900 .part v0000028fca50bee0_0, 103, 1;
L_0000028fca5d1fe0 .part v0000028fca50bee0_0, 5, 32;
L_0000028fca5d0280 .part v0000028fca50bee0_0, 37, 32;
L_0000028fca5d1f40 .part v0000028fca50bee0_0, 105, 1;
L_0000028fca5d1a40 .part v0000028fca50bee0_0, 37, 32;
L_0000028fca5d14a0 .part v0000028fca50bee0_0, 0, 5;
L_0000028fca5d1720 .part v0000028fca50bee0_0, 107, 1;
L_0000028fca5d1680 .part v0000028fca570fe0_0, 5, 32;
L_0000028fca5d0be0 .part v0000028fca570fe0_0, 37, 32;
L_0000028fca5d0460 .part v0000028fca570fe0_0, 70, 1;
S_0000028fca49f7e0 .scope module, "ALU" "ALU" 3 58, 2 1 0, S_0000028fca4e3600;
 .timescale 0 0;
    .port_info 0 /INPUT 32 "rdA";
    .port_info 1 /INPUT 32 "rdB";
    .port_info 2 /INPUT 4 "ALUControl";
    .port_info 3 /OUTPUT 32 "ALUresult";
    .port_info 4 /OUTPUT 1 "Carry";
    .port_info 5 /OUTPUT 1 "Zero";
L_0000028fca4abc60 .functor BUFZ 1, v0000028fca4e4960_0, C4<0>, C4<0>, C4<0>;
v0000028fca4e4c80_0 .net "ALUControl", 3 0, L_0000028fca574380;  1 drivers
v0000028fca4e57c0_0 .var/s "ALUresult", 31 0;
v0000028fca4e3b00_0 .net "Carry", 0 0, L_0000028fca4abc60;  alias, 1 drivers
v0000028fca4e4960_0 .var "Cout", 0 0;
v0000028fca4e4320_0 .net8 "Zero", 0 0, RS_0000028fca5402c8;  alias, 2 drivers
v0000028fca4e50e0_0 .net/s "rdA", 31 0, L_0000028fca574920;  1 drivers
v0000028fca4e3d80_0 .net/s "rdB", 31 0, L_0000028fca574c40;  alias, 1 drivers
v0000028fca4e5540_0 .net "shamt", 4 0, L_0000028fca574240;  1 drivers
E_0000028fca4e28e0 .event anyedge, v0000028fca4e4c80_0, v0000028fca4e50e0_0, v0000028fca4e3d80_0, v0000028fca4e5540_0;
L_0000028fca574240 .part L_0000028fca574c40, 0, 5;
L_0000028fca5744c0 .reduce/nor RS_0000028fca540238;
S_0000028fca49f970 .scope module, "ALU_branch" "ALU" 3 49, 2 1 0, S_0000028fca4e3600;
 .timescale 0 0;
    .port_info 0 /INPUT 32 "rdA";
    .port_info 1 /INPUT 32 "rdB";
    .port_info 2 /INPUT 4 "ALUControl";
    .port_info 3 /OUTPUT 32 "ALUresult";
    .port_info 4 /OUTPUT 1 "Carry";
    .port_info 5 /OUTPUT 1 "Zero";
L_0000028fca4acad0 .functor BUFZ 1, v0000028fca4e4fa0_0, C4<0>, C4<0>, C4<0>;
v0000028fca4e55e0_0 .net "ALUControl", 3 0, v0000028fca4e3c40_0;  alias, 1 drivers
v0000028fca4e59a0_0 .var/s "ALUresult", 31 0;
v0000028fca4e5040_0 .net "Carry", 0 0, L_0000028fca4acad0;  1 drivers
v0000028fca4e4fa0_0 .var "Cout", 0 0;
v0000028fca4e5220_0 .net8 "Zero", 0 0, RS_0000028fca5402c8;  alias, 2 drivers
v0000028fca4e4b40_0 .net/s "rdA", 31 0, L_0000028fca5741a0;  alias, 1 drivers
v0000028fca4e46e0_0 .net/s "rdB", 31 0, L_0000028fca575a00;  alias, 1 drivers
v0000028fca4e4640_0 .net "shamt", 4 0, L_0000028fca5758c0;  1 drivers
E_0000028fca4e30a0 .event anyedge, v0000028fca4e55e0_0, v0000028fca4e4b40_0, v0000028fca4e46e0_0, v0000028fca4e4640_0;
L_0000028fca5758c0 .part L_0000028fca575a00, 0, 5;
L_0000028fca575960 .reduce/nor RS_0000028fca540238;
S_0000028fca46fd00 .scope module, "Control_Unit" "Control_Unit" 3 48, 4 3 0, S_0000028fca4e3600;
 .timescale 0 0;
    .port_info 0 /INPUT 7 "opcode";
    .port_info 1 /INPUT 3 "funct3";
    .port_info 2 /INPUT 7 "funct7";
    .port_info 3 /INPUT 1 "Zero";
    .port_info 4 /INPUT 1 "rst";
    .port_info 5 /OUTPUT 1 "RegWrite";
    .port_info 6 /OUTPUT 1 "MemWrite";
    .port_info 7 /OUTPUT 1 "MemRead";
    .port_info 8 /OUTPUT 1 "ALUSrc";
    .port_info 9 /OUTPUT 1 "PCSrc";
    .port_info 10 /OUTPUT 2 "ResultSrc";
    .port_info 11 /OUTPUT 1 "Branch";
    .port_info 12 /OUTPUT 1 "Jump";
    .port_info 13 /OUTPUT 1 "JumpReg";
    .port_info 14 /OUTPUT 2 "ImmType";
    .port_info 15 /OUTPUT 4 "ALUControl";
v0000028fca4e3c40_0 .var "ALUControl", 3 0;
v0000028fca4e4460_0 .var "ALUSrc", 0 0;
v0000028fca4e4a00_0 .var "Branch", 0 0;
v0000028fca4e5680_0 .var "ImmType", 1 0;
v0000028fca4e5360_0 .var "Jump", 0 0;
v0000028fca4e40a0_0 .var "JumpReg", 0 0;
v0000028fca4e4780_0 .var "MemRead", 0 0;
v0000028fca4e41e0_0 .var "MemWrite", 0 0;
v0000028fca4e5860_0 .net "PCSrc", 0 0, L_0000028fca574420;  alias, 1 drivers
v0000028fca4e5900_0 .var "RegWrite", 0 0;
v0000028fca4e3ba0_0 .var "ResultSrc", 1 0;
v0000028fca4e4be0_0 .net8 "Zero", 0 0, RS_0000028fca5402c8;  alias, 2 drivers
L_0000028fca5761a0 .functor BUFT 1, C4<0>, C4<0>, C4<0>, C4<0>;
v0000028fca4e52c0_0 .net/2u *"_ivl_0", 0 0, L_0000028fca5761a0;  1 drivers
v0000028fca4e4500_0 .net "funct3", 2 0, L_0000028fca574ce0;  1 drivers
v0000028fca4e3ce0_0 .net "funct7", 6 0, L_0000028fca575820;  1 drivers
v0000028fca4e4d20_0 .net "opcode", 6 0, L_0000028fca5746a0;  1 drivers
v0000028fca4e4820_0 .net "r_type_ALUControl", 3 0, v0000028fca4e5720_0;  1 drivers
v0000028fca4e48c0_0 .net "rst", 0 0, o0000028fca540a48;  alias, 0 drivers
E_0000028fca4e2c60/0 .event anyedge, v0000028fca4e48c0_0, v0000028fca4e4d20_0, v0000028fca4e5720_0, v0000028fca4e4140_0;
E_0000028fca4e2c60/1 .event anyedge, v0000028fca4e54a0_0;
E_0000028fca4e2c60 .event/or E_0000028fca4e2c60/0, E_0000028fca4e2c60/1;
L_0000028fca574420 .functor MUXZ 1, L_0000028fca5761a0, v0000028fca4e4a00_0, o0000028fca540a48, C4<>;
S_0000028fca46fe90 .scope module, "r_type_alu_ctrl_inst" "RTypeALUControl" 4 23, 5 1 0, S_0000028fca46fd00;
 .timescale 0 0;
    .port_info 0 /INPUT 7 "funct7";
    .port_info 1 /INPUT 3 "funct3";
    .port_info 2 /OUTPUT 4 "ALUControl";
v0000028fca4e5720_0 .var "ALUControl", 3 0;
v0000028fca4e4140_0 .net "funct3", 2 0, L_0000028fca574ce0;  alias, 1 drivers
v0000028fca4e54a0_0 .net "funct7", 6 0, L_0000028fca575820;  alias, 1 drivers
E_0000028fca4e26a0 .event anyedge, v0000028fca4e4140_0, v0000028fca4e54a0_0;
S_0000028fca46cd40 .scope module, "Data_Memory" "Data_Memory" 3 65, 6 1 0, S_0000028fca4e3600;
 .timescale 0 0;
    .port_info 0 /INPUT 1 "clk";
    .port_info 1 /INPUT 1 "MemWrite";
    .port_info 2 /INPUT 1 "MemRead";
    .port_info 3 /INPUT 32 "MemWriteData";
    .port_info 4 /OUTPUT 32 "MemReadData";
    .port_info 5 /INPUT 32 "ALUresult";
v0000028fca4e3e20_0 .net "ALUresult", 31 0, L_0000028fca5d0280;  1 drivers
v0000028fca4e3ec0_0 .net "MemRead", 0 0, L_0000028fca5d1900;  1 drivers
v0000028fca4e3f60_0 .net/s "MemReadData", 31 0, L_0000028fca5d0140;  alias, 1 drivers
v0000028fca4e4000_0 .net "MemWrite", 0 0, L_0000028fca5d1cc0;  1 drivers
v0000028fca4d3430_0 .net/s "MemWriteData", 31 0, L_0000028fca5d1fe0;  1 drivers
v0000028fca4d2ad0_0 .net *"_ivl_0", 31 0, L_0000028fca5d0640;  1 drivers
v0000028fca4d2170_0 .net *"_ivl_3", 29 0, L_0000028fca5d1ae0;  1 drivers
L_0000028fca576350 .functor BUFT 1, C4<00000000000000000000000000000000>, C4<0>, C4<0>, C4<0>;
v0000028fca4d2fd0_0 .net/2u *"_ivl_4", 31 0, L_0000028fca576350;  1 drivers
v0000028fca4c15e0_0 .net "clk", 0 0, o0000028fca540ef8;  alias, 0 drivers
v0000028fca50d920 .array/s "mem", 31 0, 31 0;
E_0000028fca4e32a0 .event posedge, v0000028fca4c15e0_0;
L_0000028fca5d0640 .array/port v0000028fca50d920, L_0000028fca5d1ae0;
L_0000028fca5d1ae0 .part L_0000028fca5d0280, 2, 30;
L_0000028fca5d0140 .functor MUXZ 32, L_0000028fca576350, L_0000028fca5d0640, L_0000028fca5d1900, C4<>;
S_0000028fca46ced0 .scope module, "EXMEM" "EX_MEM" 3 61, 7 1 0, S_0000028fca4e3600;
 .timescale 0 0;
    .port_info 0 /INPUT 1 "clk";
    .port_info 1 /INPUT 1 "rst";
    .port_info 2 /OUTPUT 108 "EX_MEM";
    .port_info 3 /INPUT 32 "PC_ALU_Sum";
    .port_info 4 /INPUT 1 "Zero";
    .port_info 5 /INPUT 32 "ALUresult";
    .port_info 6 /INPUT 32 "data2";
    .port_info 7 /INPUT 5 "rd_ID_EX";
    .port_info 8 /INPUT 1 "Reg_Con";
    .port_info 9 /INPUT 2 "Mem_Con";
    .port_info 10 /INPUT 1 "Branch";
    .port_info 11 /INPUT 1 "PCSrc";
    .port_info 12 /INPUT 1 "ResultSrc";
v0000028fca50c160_0 .net8 "ALUresult", 31 0, RS_0000028fca540238;  alias, 2 drivers
v0000028fca50c0c0_0 .net "Branch", 0 0, L_0000028fca5d01e0;  1 drivers
v0000028fca50bee0_0 .var "EX_MEM", 107 0;
v0000028fca50bc60_0 .net "Mem_Con", 1 0, L_0000028fca5d15e0;  1 drivers
v0000028fca50bd00_0 .net "PCSrc", 0 0, L_0000028fca5d0b40;  1 drivers
v0000028fca50cca0_0 .net "PC_ALU_Sum", 31 0, L_0000028fca575140;  alias, 1 drivers
v0000028fca50ca20_0 .net "Reg_Con", 0 0, L_0000028fca5756e0;  1 drivers
v0000028fca50d060_0 .net "ResultSrc", 0 0, L_0000028fca5d03c0;  1 drivers
v0000028fca50bf80_0 .net8 "Zero", 0 0, RS_0000028fca5402c8;  alias, 2 drivers
v0000028fca50d4c0_0 .net "clk", 0 0, o0000028fca540ef8;  alias, 0 drivers
v0000028fca50d1a0_0 .net "data2", 31 0, L_0000028fca575500;  1 drivers
v0000028fca50c7a0_0 .net "rd_ID_EX", 4 0, L_0000028fca575640;  1 drivers
v0000028fca50be40_0 .net "rst", 0 0, o0000028fca540a48;  alias, 0 drivers
E_0000028fca4e33e0/0 .event negedge, v0000028fca4e48c0_0;
E_0000028fca4e33e0/1 .event posedge, v0000028fca4c15e0_0;
E_0000028fca4e33e0 .event/or E_0000028fca4e33e0/0, E_0000028fca4e33e0/1;
S_0000028fca455b20 .scope module, "IDEX" "ID_EX" 3 54, 8 1 0, S_0000028fca4e3600;
 .timescale 0 0;
    .port_info 0 /INPUT 1 "clk";
    .port_info 1 /INPUT 1 "rst";
    .port_info 2 /INPUT 32 "data1";
    .port_info 3 /INPUT 32 "data2";
    .port_info 4 /INPUT 32 "ImmExt";
    .port_info 5 /INPUT 32 "PC";
    .port_info 6 /INPUT 32 "instruction";
    .port_info 7 /OUTPUT 176 "ID_EX";
    .port_info 8 /INPUT 1 "Reg_Con";
    .port_info 9 /INPUT 2 "Mem_Con";
    .port_info 10 /INPUT 13 "Ex_Con";
v0000028fca50bbc0_0 .net "Ex_Con", 12 0, L_0000028fca5750a0;  1 drivers
v0000028fca50cc00_0 .var "ID_EX", 175 0;
v0000028fca50d420_0 .net "ImmExt", 31 0, v0000028fca50d2e0_0;  alias, 1 drivers
v0000028fca50c520_0 .net "Mem_Con", 1 0, L_0000028fca575d20;  1 drivers
v0000028fca50ce80_0 .net "PC", 31 0, L_0000028fca575fa0;  1 drivers
v0000028fca50c020_0 .net "Reg_Con", 0 0, v0000028fca4e5900_0;  alias, 1 drivers
v0000028fca50c2a0_0 .net "clk", 0 0, o0000028fca540ef8;  alias, 0 drivers
v0000028fca50c660_0 .net "data1", 31 0, L_0000028fca5741a0;  alias, 1 drivers
v0000028fca50c200_0 .net "data2", 31 0, L_0000028fca575a00;  alias, 1 drivers
v0000028fca50bda0_0 .net "instruction", 31 0, L_0000028fca575c80;  1 drivers
v0000028fca50d6a0_0 .net "rst", 0 0, o0000028fca540a48;  alias, 0 drivers
S_0000028fca455cb0 .scope module, "IFID" "IF_ID" 3 43, 9 2 0, S_0000028fca4e3600;
 .timescale 0 0;
    .port_info 0 /INPUT 1 "clk";
    .port_info 1 /INPUT 1 "rst";
    .port_info 2 /INPUT 32 "PC";
    .port_info 3 /INPUT 32 "instruction";
    .port_info 4 /OUTPUT 64 "IF_ID";
v0000028fca50cd40_0 .var "IF_ID", 63 0;
v0000028fca50c340_0 .var "IF_ID_nxt", 63 0;
v0000028fca50c3e0_0 .net "PC", 31 0, v0000028fca570720_0;  alias, 1 drivers
v0000028fca50d240_0 .net "clk", 0 0, o0000028fca540ef8;  alias, 0 drivers
v0000028fca50cde0_0 .net "instruction", 31 0, L_0000028fca575780;  alias, 1 drivers
v0000028fca50c480_0 .net "rst", 0 0, o0000028fca540a48;  alias, 0 drivers
S_0000028fca422d60 .scope module, "Imm0" "Imm_Extend" 3 53, 10 1 0, S_0000028fca4e3600;
 .timescale 0 0;
    .port_info 0 /INPUT 32 "instruction";
    .port_info 1 /INPUT 2 "ImmType";
    .port_info 2 /OUTPUT 32 "ImmExt";
v0000028fca50d2e0_0 .var "ImmExt", 31 0;
v0000028fca50d380_0 .net "ImmType", 1 0, v0000028fca4e5680_0;  alias, 1 drivers
v0000028fca50d100_0 .net *"_ivl_11", 0 0, L_0000028fca574560;  1 drivers
v0000028fca50d740_0 .net *"_ivl_13", 5 0, L_0000028fca5747e0;  1 drivers
v0000028fca50d560_0 .net *"_ivl_15", 3 0, L_0000028fca574e20;  1 drivers
L_0000028fca576308 .functor BUFT 1, C4<0>, C4<0>, C4<0>, C4<0>;
v0000028fca50d9c0_0 .net/2u *"_ivl_16", 0 0, L_0000028fca576308;  1 drivers
v0000028fca50da60_0 .net *"_ivl_18", 12 0, L_0000028fca5755a0;  1 drivers
v0000028fca50cf20_0 .net *"_ivl_3", 6 0, L_0000028fca575be0;  1 drivers
v0000028fca50c5c0_0 .net *"_ivl_5", 4 0, L_0000028fca575dc0;  1 drivers
v0000028fca50c700_0 .net *"_ivl_9", 0 0, L_0000028fca575460;  1 drivers
v0000028fca50c840_0 .net "b_imm", 11 0, L_0000028fca574f60;  1 drivers
v0000028fca50c8e0_0 .net "i_imm", 11 0, L_0000028fca575f00;  1 drivers
v0000028fca50cfc0_0 .net "instruction", 31 0, L_0000028fca574ba0;  1 drivers
v0000028fca50c980_0 .net "s_imm", 11 0, L_0000028fca574880;  1 drivers
v0000028fca50cac0_0 .net "u_imm", 19 0, L_0000028fca575b40;  1 drivers
E_0000028fca4e26e0/0 .event anyedge, v0000028fca4e5680_0, v0000028fca50c8e0_0, v0000028fca50c980_0, v0000028fca50c840_0;
E_0000028fca4e26e0/1 .event anyedge, v0000028fca50cac0_0;
E_0000028fca4e26e0 .event/or E_0000028fca4e26e0/0, E_0000028fca4e26e0/1;
L_0000028fca575f00 .part L_0000028fca574ba0, 20, 12;
L_0000028fca575be0 .part L_0000028fca574ba0, 25, 7;
L_0000028fca575dc0 .part L_0000028fca574ba0, 7, 5;
L_0000028fca574880 .concat [ 5 7 0 0], L_0000028fca575dc0, L_0000028fca575be0;
L_0000028fca575460 .part L_0000028fca574ba0, 31, 1;
L_0000028fca574560 .part L_0000028fca574ba0, 7, 1;
L_0000028fca5747e0 .part L_0000028fca574ba0, 25, 6;
L_0000028fca574e20 .part L_0000028fca574ba0, 8, 4;
LS_0000028fca5755a0_0_0 .concat [ 1 4 6 1], L_0000028fca576308, L_0000028fca574e20, L_0000028fca5747e0, L_0000028fca574560;
LS_0000028fca5755a0_0_4 .concat [ 1 0 0 0], L_0000028fca575460;
L_0000028fca5755a0 .concat [ 12 1 0 0], LS_0000028fca5755a0_0_0, LS_0000028fca5755a0_0_4;
L_0000028fca574f60 .part L_0000028fca5755a0, 0, 12;
L_0000028fca575b40 .part L_0000028fca574ba0, 12, 20;
S_0000028fca422ef0 .scope module, "Inst_Mem" "Inst_Mem" 3 42, 11 1 0, S_0000028fca4e3600;
 .timescale 0 0;
    .port_info 0 /INPUT 32 "PC";
    .port_info 1 /INPUT 1 "rst";
    .port_info 2 /OUTPUT 32 "instruction";
v0000028fca50cb60_0 .net "PC", 31 0, v0000028fca570720_0;  alias, 1 drivers
v0000028fca50d600_0 .net *"_ivl_1", 0 0, L_0000028fca572910;  1 drivers
L_0000028fca576158 .functor BUFT 1, C4<00000000000000000000000000000000>, C4<0>, C4<0>, C4<0>;
v0000028fca50d7e0_0 .net/2u *"_ivl_2", 31 0, L_0000028fca576158;  1 drivers
v0000028fca50d880_0 .net *"_ivl_4", 31 0, L_0000028fca5729b0;  1 drivers
v0000028fca571f80_0 .net *"_ivl_7", 29 0, L_0000028fca573a90;  1 drivers
v0000028fca5700e0_0 .net *"_ivl_8", 29 0, L_0000028fca573bd0;  1 drivers
v0000028fca5713a0_0 .net "instruction", 31 0, L_0000028fca575780;  alias, 1 drivers
v0000028fca570220 .array "instruction_mem", 1024 0, 31 0;
v0000028fca571da0_0 .net "rst", 0 0, o0000028fca540a48;  alias, 0 drivers
L_0000028fca572910 .reduce/nor o0000028fca540a48;
L_0000028fca5729b0 .array/port v0000028fca570220, L_0000028fca573bd0;
L_0000028fca573a90 .part v0000028fca570720_0, 2, 30;
L_0000028fca573bd0 .concat [ 30 0 0 0], L_0000028fca573a90;
L_0000028fca575780 .functor MUXZ 32, L_0000028fca5729b0, L_0000028fca576158, L_0000028fca572910, C4<>;
S_0000028fca46e290 .scope module, "MEMWB" "MEM_WB" 3 66, 12 1 0, S_0000028fca4e3600;
 .timescale 0 0;
    .port_info 0 /INPUT 1 "Reg_Con";
    .port_info 1 /INPUT 32 "MemReadData";
    .port_info 2 /INPUT 32 "ALUresult";
    .port_info 3 /INPUT 5 "rd_EXMEM";
    .port_info 4 /OUTPUT 71 "MEM_WB";
    .port_info 5 /INPUT 1 "clk";
    .port_info 6 /INPUT 1 "rst";
    .port_info 7 /INPUT 1 "ResultSrc";
v0000028fca570180_0 .net "ALUresult", 31 0, L_0000028fca5d1a40;  1 drivers
v0000028fca570fe0_0 .var "MEM_WB", 70 0;
v0000028fca5711c0_0 .net "MemReadData", 31 0, L_0000028fca5d0140;  alias, 1 drivers
v0000028fca570680_0 .net "Reg_Con", 0 0, L_0000028fca5d1f40;  1 drivers
v0000028fca570360_0 .net "ResultSrc", 0 0, L_0000028fca5d1720;  1 drivers
v0000028fca571e40_0 .net "clk", 0 0, o0000028fca540ef8;  alias, 0 drivers
v0000028fca570400_0 .net "rd_EXMEM", 4 0, L_0000028fca5d14a0;  1 drivers
v0000028fca5707c0_0 .net "rst", 0 0, o0000028fca540a48;  alias, 0 drivers
S_0000028fca46e420 .scope module, "MultiPC" "Multiplexer" 3 44, 13 1 0, S_0000028fca4e3600;
 .timescale 0 0;
    .port_info 0 /INPUT 32 "A";
    .port_info 1 /INPUT 32 "B";
    .port_info 2 /INPUT 1 "sel";
    .port_info 3 /OUTPUT 32 "Out";
v0000028fca570860_0 .net "A", 31 0, L_0000028fca572550;  alias, 1 drivers
v0000028fca570900_0 .net "B", 31 0, L_0000028fca575280;  1 drivers
v0000028fca5709a0_0 .net "Out", 31 0, L_0000028fca5751e0;  alias, 1 drivers
v0000028fca571940_0 .net "sel", 0 0, L_0000028fca5739f0;  alias, 1 drivers
L_0000028fca5751e0 .functor MUXZ 32, L_0000028fca572550, L_0000028fca575280, L_0000028fca5739f0, C4<>;
S_0000028fca46f7d0 .scope module, "MultiResult" "Multiplexer" 3 67, 13 1 0, S_0000028fca4e3600;
 .timescale 0 0;
    .port_info 0 /INPUT 32 "A";
    .port_info 1 /INPUT 32 "B";
    .port_info 2 /INPUT 1 "sel";
    .port_info 3 /OUTPUT 32 "Out";
v0000028fca571580_0 .net "A", 31 0, L_0000028fca5d1680;  1 drivers
v0000028fca5704a0_0 .net "B", 31 0, L_0000028fca5d0be0;  1 drivers
v0000028fca5719e0_0 .net "Out", 31 0, L_0000028fca5d1180;  alias, 1 drivers
v0000028fca570ae0_0 .net "sel", 0 0, L_0000028fca5d0460;  1 drivers
L_0000028fca5d1180 .functor MUXZ 32, L_0000028fca5d1680, L_0000028fca5d0be0, L_0000028fca5d0460, C4<>;
S_0000028fca46f960 .scope module, "Multiplex_ALU" "Multiplexer" 3 59, 13 1 0, S_0000028fca4e3600;
 .timescale 0 0;
    .port_info 0 /INPUT 32 "A";
    .port_info 1 /INPUT 32 "B";
    .port_info 2 /INPUT 1 "sel";
    .port_info 3 /OUTPUT 32 "Out";
v0000028fca570b80_0 .net "A", 31 0, L_0000028fca5749c0;  1 drivers
v0000028fca571620_0 .net "B", 31 0, L_0000028fca574a60;  1 drivers
v0000028fca570540_0 .net "Out", 31 0, L_0000028fca574c40;  alias, 1 drivers
v0000028fca5705e0_0 .net "sel", 0 0, L_0000028fca574b00;  1 drivers
L_0000028fca574c40 .functor MUXZ 32, L_0000028fca5749c0, L_0000028fca574a60, L_0000028fca574b00, C4<>;
S_0000028fca49c2c0 .scope module, "PC0" "PC" 3 40, 14 1 0, S_0000028fca4e3600;
 .timescale 0 0;
    .port_info 0 /INPUT 32 "PC_next";
    .port_info 1 /INPUT 1 "clk";
    .port_info 2 /INPUT 1 "rst";
    .port_info 3 /OUTPUT 32 "PC";
v0000028fca570720_0 .var "PC", 31 0;
v0000028fca571a80_0 .net "PC_next", 31 0, L_0000028fca5751e0;  alias, 1 drivers
v0000028fca5714e0_0 .net "clk", 0 0, o0000028fca540ef8;  alias, 0 drivers
v0000028fca5718a0_0 .net "rst", 0 0, o0000028fca540a48;  alias, 0 drivers
S_0000028fca50dbd0 .scope module, "PC_ALU_Adder" "PC_ALU_Adder" 3 60, 2 71 0, S_0000028fca4e3600;
 .timescale 0 0;
    .port_info 0 /INPUT 32 "A";
    .port_info 1 /INPUT 32 "B";
    .port_info 2 /OUTPUT 32 "Sum";
v0000028fca5702c0_0 .net "A", 31 0, L_0000028fca575320;  1 drivers
v0000028fca570e00_0 .net "B", 31 0, L_0000028fca5753c0;  1 drivers
v0000028fca570a40_0 .net "Sum", 31 0, L_0000028fca575140;  alias, 1 drivers
L_0000028fca575140 .arith/sum 32, L_0000028fca575320, L_0000028fca5753c0;
S_0000028fca50e850 .scope module, "PCplus4" "PCPlus4" 3 41, 15 1 0, S_0000028fca4e3600;
 .timescale 0 0;
    .port_info 0 /INPUT 32 "PC";
    .port_info 1 /INPUT 1 "rst";
    .port_info 2 /OUTPUT 32 "PCPlus4";
v0000028fca570cc0_0 .net "PC", 31 0, v0000028fca570720_0;  alias, 1 drivers
v0000028fca571b20_0 .net "PCPlus4", 31 0, L_0000028fca572550;  alias, 1 drivers
L_0000028fca5760c8 .functor BUFT 1, C4<00000000000000000000000000000100>, C4<0>, C4<0>, C4<0>;
v0000028fca570c20_0 .net/2u *"_ivl_0", 31 0, L_0000028fca5760c8;  1 drivers
v0000028fca571bc0_0 .net *"_ivl_2", 31 0, L_0000028fca573950;  1 drivers
L_0000028fca576110 .functor BUFT 1, C4<00000000000000000000000000000000>, C4<0>, C4<0>, C4<0>;
v0000028fca571c60_0 .net/2u *"_ivl_4", 31 0, L_0000028fca576110;  1 drivers
v0000028fca571080_0 .net "rst", 0 0, o0000028fca540a48;  alias, 0 drivers
L_0000028fca573950 .arith/sum 32, v0000028fca570720_0, L_0000028fca5760c8;
L_0000028fca572550 .functor MUXZ 32, L_0000028fca576110, L_0000028fca573950, o0000028fca540a48, C4<>;
S_0000028fca50e9e0 .scope module, "Register" "Register" 3 52, 16 1 0, S_0000028fca4e3600;
 .timescale 0 0;
    .port_info 0 /INPUT 5 "rs1";
    .port_info 1 /INPUT 5 "rs2";
    .port_info 2 /INPUT 5 "w_add";
    .port_info 3 /INPUT 1 "RegWrite";
    .port_info 4 /INPUT 32 "RegWriteData";
    .port_info 5 /INPUT 1 "clk";
    .port_info 6 /INPUT 1 "rst";
    .port_info 7 /OUTPUT 32 "data1";
    .port_info 8 /OUTPUT 32 "data2";
L_0000028fca4ac1a0 .functor NOT 1, o0000028fca540a48, C4<0>, C4<0>, C4<0>;
L_0000028fca4ac7c0 .functor NOT 1, o0000028fca540a48, C4<0>, C4<0>, C4<0>;
v0000028fca571800_0 .net "RegWrite", 0 0, L_0000028fca5742e0;  1 drivers
v0000028fca571120_0 .net "RegWriteData", 31 0, L_0000028fca5d1180;  alias, 1 drivers
v0000028fca5716c0_0 .net *"_ivl_0", 0 0, L_0000028fca4ac1a0;  1 drivers
v0000028fca570d60_0 .net *"_ivl_12", 0 0, L_0000028fca4ac7c0;  1 drivers
L_0000028fca576278 .functor BUFT 1, C4<00000000000000000000000000000000>, C4<0>, C4<0>, C4<0>;
v0000028fca570ea0_0 .net/2u *"_ivl_14", 31 0, L_0000028fca576278;  1 drivers
v0000028fca571760_0 .net *"_ivl_16", 31 0, L_0000028fca574d80;  1 drivers
v0000028fca571260_0 .net *"_ivl_18", 6 0, L_0000028fca574ec0;  1 drivers
L_0000028fca5761e8 .functor BUFT 1, C4<00000000000000000000000000000000>, C4<0>, C4<0>, C4<0>;
v0000028fca570f40_0 .net/2u *"_ivl_2", 31 0, L_0000028fca5761e8;  1 drivers
L_0000028fca5762c0 .functor BUFT 1, C4<00>, C4<0>, C4<0>, C4<0>;
v0000028fca571300_0 .net *"_ivl_21", 1 0, L_0000028fca5762c0;  1 drivers
v0000028fca571440_0 .net *"_ivl_4", 31 0, L_0000028fca574740;  1 drivers
v0000028fca571d00_0 .net *"_ivl_6", 6 0, L_0000028fca574600;  1 drivers
L_0000028fca576230 .functor BUFT 1, C4<00>, C4<0>, C4<0>, C4<0>;
v0000028fca572f50_0 .net *"_ivl_9", 1 0, L_0000028fca576230;  1 drivers
v0000028fca572690_0 .net "clk", 0 0, o0000028fca540ef8;  alias, 0 drivers
v0000028fca573ef0_0 .net/s "data1", 31 0, L_0000028fca5741a0;  alias, 1 drivers
v0000028fca5725f0_0 .net/s "data2", 31 0, L_0000028fca575a00;  alias, 1 drivers
v0000028fca572410 .array/s "register", 31 0, 31 0;
v0000028fca573c70_0 .net "rs1", 4 0, L_0000028fca575e60;  1 drivers
v0000028fca572c30_0 .net "rs2", 4 0, L_0000028fca574100;  1 drivers
v0000028fca573810_0 .net "rst", 0 0, o0000028fca540a48;  alias, 0 drivers
v0000028fca573090_0 .net "w_add", 4 0, L_0000028fca575000;  1 drivers
L_0000028fca574740 .array/port v0000028fca572410, L_0000028fca574600;
L_0000028fca574600 .concat [ 5 2 0 0], L_0000028fca575e60, L_0000028fca576230;
L_0000028fca5741a0 .functor MUXZ 32, L_0000028fca574740, L_0000028fca5761e8, L_0000028fca4ac1a0, C4<>;
L_0000028fca574d80 .array/port v0000028fca572410, L_0000028fca574ec0;
L_0000028fca574ec0 .concat [ 5 2 0 0], L_0000028fca574100, L_0000028fca5762c0;
L_0000028fca575a00 .functor MUXZ 32, L_0000028fca574d80, L_0000028fca576278, L_0000028fca4ac7c0, C4<>;
    .scope S_0000028fca49c2c0;
T_0 ;
    %wait E_0000028fca4e33e0;
    %load/vec4 v0000028fca5718a0_0;
    %inv;
    %flag_set/vec4 8;
    %jmp/0xz  T_0.0, 8;
    %pushi/vec4 0, 0, 32;
    %assign/vec4 v0000028fca570720_0, 0;
    %jmp T_0.1;
T_0.0 ;
    %load/vec4 v0000028fca571a80_0;
    %assign/vec4 v0000028fca570720_0, 0;
T_0.1 ;
    %jmp T_0;
    .thread T_0;
    .scope S_0000028fca422ef0;
T_1 ;
    %vpi_call 11 10 "$readmemh", "instr_mem.hex", v0000028fca570220 {0 0 0};
    %end;
    .thread T_1;
    .scope S_0000028fca455cb0;
T_2 ;
    %wait E_0000028fca4e33e0;
    %load/vec4 v0000028fca50c480_0;
    %inv;
    %flag_set/vec4 8;
    %jmp/0xz  T_2.0, 8;
    %pushi/vec4 0, 0, 64;
    %assign/vec4 v0000028fca50c340_0, 0;
    %pushi/vec4 0, 0, 64;
    %assign/vec4 v0000028fca50cd40_0, 0;
    %jmp T_2.1;
T_2.0 ;
    %load/vec4 v0000028fca50c3e0_0;
    %load/vec4 v0000028fca50cde0_0;
    %concat/vec4; draw_concat_vec4
    %assign/vec4 v0000028fca50cd40_0, 0;
T_2.1 ;
    %jmp T_2;
    .thread T_2;
    .scope S_0000028fca46fe90;
T_3 ;
    %wait E_0000028fca4e26a0;
    %pushi/vec4 0, 0, 4;
    %store/vec4 v0000028fca4e5720_0, 0, 4;
    %load/vec4 v0000028fca4e4140_0;
    %dup/vec4;
    %pushi/vec4 0, 0, 3;
    %cmp/u;
    %jmp/1 T_3.0, 6;
    %dup/vec4;
    %pushi/vec4 1, 0, 3;
    %cmp/u;
    %jmp/1 T_3.1, 6;
    %dup/vec4;
    %pushi/vec4 2, 0, 3;
    %cmp/u;
    %jmp/1 T_3.2, 6;
    %dup/vec4;
    %pushi/vec4 3, 0, 3;
    %cmp/u;
    %jmp/1 T_3.3, 6;
    %dup/vec4;
    %pushi/vec4 4, 0, 3;
    %cmp/u;
    %jmp/1 T_3.4, 6;
    %dup/vec4;
    %pushi/vec4 5, 0, 3;
    %cmp/u;
    %jmp/1 T_3.5, 6;
    %dup/vec4;
    %pushi/vec4 6, 0, 3;
    %cmp/u;
    %jmp/1 T_3.6, 6;
    %dup/vec4;
    %pushi/vec4 7, 0, 3;
    %cmp/u;
    %jmp/1 T_3.7, 6;
    %pushi/vec4 0, 0, 4;
    %store/vec4 v0000028fca4e5720_0, 0, 4;
    %jmp T_3.9;
T_3.0 ;
    %load/vec4 v0000028fca4e54a0_0;
    %cmpi/e 0, 0, 7;
    %jmp/0xz  T_3.10, 4;
    %pushi/vec4 0, 0, 4;
    %store/vec4 v0000028fca4e5720_0, 0, 4;
    %jmp T_3.11;
T_3.10 ;
    %load/vec4 v0000028fca4e54a0_0;
    %cmpi/e 32, 0, 7;
    %jmp/0xz  T_3.12, 4;
    %pushi/vec4 1, 0, 4;
    %store/vec4 v0000028fca4e5720_0, 0, 4;
T_3.12 ;
T_3.11 ;
    %jmp T_3.9;
T_3.1 ;
    %load/vec4 v0000028fca4e54a0_0;
    %cmpi/e 0, 0, 7;
    %jmp/0xz  T_3.14, 4;
    %pushi/vec4 7, 0, 4;
    %store/vec4 v0000028fca4e5720_0, 0, 4;
T_3.14 ;
    %jmp T_3.9;
T_3.2 ;
    %load/vec4 v0000028fca4e54a0_0;
    %cmpi/e 0, 0, 7;
    %jmp/0xz  T_3.16, 4;
    %pushi/vec4 5, 0, 4;
    %store/vec4 v0000028fca4e5720_0, 0, 4;
T_3.16 ;
    %jmp T_3.9;
T_3.3 ;
    %load/vec4 v0000028fca4e54a0_0;
    %cmpi/e 0, 0, 7;
    %jmp/0xz  T_3.18, 4;
    %pushi/vec4 6, 0, 4;
    %store/vec4 v0000028fca4e5720_0, 0, 4;
T_3.18 ;
    %jmp T_3.9;
T_3.4 ;
    %load/vec4 v0000028fca4e54a0_0;
    %cmpi/e 0, 0, 7;
    %jmp/0xz  T_3.20, 4;
    %pushi/vec4 4, 0, 4;
    %store/vec4 v0000028fca4e5720_0, 0, 4;
T_3.20 ;
    %jmp T_3.9;
T_3.5 ;
    %load/vec4 v0000028fca4e54a0_0;
    %cmpi/e 0, 0, 7;
    %jmp/0xz  T_3.22, 4;
    %pushi/vec4 8, 0, 4;
    %store/vec4 v0000028fca4e5720_0, 0, 4;
    %jmp T_3.23;
T_3.22 ;
    %load/vec4 v0000028fca4e54a0_0;
    %cmpi/e 32, 0, 7;
    %jmp/0xz  T_3.24, 4;
    %pushi/vec4 9, 0, 4;
    %store/vec4 v0000028fca4e5720_0, 0, 4;
T_3.24 ;
T_3.23 ;
    %jmp T_3.9;
T_3.6 ;
    %load/vec4 v0000028fca4e54a0_0;
    %cmpi/e 0, 0, 7;
    %jmp/0xz  T_3.26, 4;
    %pushi/vec4 3, 0, 4;
    %store/vec4 v0000028fca4e5720_0, 0, 4;
T_3.26 ;
    %jmp T_3.9;
T_3.7 ;
    %load/vec4 v0000028fca4e54a0_0;
    %cmpi/e 0, 0, 7;
    %jmp/0xz  T_3.28, 4;
    %pushi/vec4 2, 0, 4;
    %store/vec4 v0000028fca4e5720_0, 0, 4;
T_3.28 ;
    %jmp T_3.9;
T_3.9 ;
    %pop/vec4 1;
    %jmp T_3;
    .thread T_3, $push;
    .scope S_0000028fca46fd00;
T_4 ;
    %wait E_0000028fca4e2c60;
    %load/vec4 v0000028fca4e48c0_0;
    %inv;
    %flag_set/vec4 8;
    %jmp/0xz  T_4.0, 8;
    %pushi/vec4 0, 0, 1;
    %store/vec4 v0000028fca4e5900_0, 0, 1;
    %pushi/vec4 0, 0, 1;
    %store/vec4 v0000028fca4e41e0_0, 0, 1;
    %pushi/vec4 0, 0, 1;
    %store/vec4 v0000028fca4e4780_0, 0, 1;
    %pushi/vec4 0, 0, 1;
    %store/vec4 v0000028fca4e4460_0, 0, 1;
    %pushi/vec4 0, 0, 2;
    %store/vec4 v0000028fca4e3ba0_0, 0, 2;
    %pushi/vec4 0, 0, 1;
    %store/vec4 v0000028fca4e4a00_0, 0, 1;
    %pushi/vec4 0, 0, 1;
    %store/vec4 v0000028fca4e5360_0, 0, 1;
    %pushi/vec4 0, 0, 1;
    %store/vec4 v0000028fca4e40a0_0, 0, 1;
    %pushi/vec4 0, 0, 2;
    %store/vec4 v0000028fca4e5680_0, 0, 2;
    %pushi/vec4 0, 0, 4;
    %store/vec4 v0000028fca4e3c40_0, 0, 4;
    %jmp T_4.1;
T_4.0 ;
    %load/vec4 v0000028fca4e4d20_0;
    %dup/vec4;
    %pushi/vec4 51, 0, 7;
    %cmp/u;
    %jmp/1 T_4.2, 6;
    %dup/vec4;
    %pushi/vec4 3, 0, 7;
    %cmp/u;
    %jmp/1 T_4.3, 6;
    %dup/vec4;
    %pushi/vec4 19, 0, 7;
    %cmp/u;
    %jmp/1 T_4.4, 6;
    %dup/vec4;
    %pushi/vec4 35, 0, 7;
    %cmp/u;
    %jmp/1 T_4.5, 6;
    %dup/vec4;
    %pushi/vec4 99, 0, 7;
    %cmp/u;
    %jmp/1 T_4.6, 6;
    %dup/vec4;
    %pushi/vec4 55, 0, 7;
    %cmp/u;
    %jmp/1 T_4.7, 6;
    %dup/vec4;
    %pushi/vec4 23, 0, 7;
    %cmp/u;
    %jmp/1 T_4.8, 6;
    %dup/vec4;
    %pushi/vec4 111, 0, 7;
    %cmp/u;
    %jmp/1 T_4.9, 6;
    %dup/vec4;
    %pushi/vec4 103, 0, 7;
    %cmp/u;
    %jmp/1 T_4.10, 6;
    %pushi/vec4 0, 0, 1;
    %store/vec4 v0000028fca4e5900_0, 0, 1;
    %pushi/vec4 0, 0, 1;
    %store/vec4 v0000028fca4e4a00_0, 0, 1;
    %jmp T_4.12;
T_4.2 ;
    %pushi/vec4 1, 0, 1;
    %store/vec4 v0000028fca4e5900_0, 0, 1;
    %pushi/vec4 0, 0, 1;
    %store/vec4 v0000028fca4e4460_0, 0, 1;
    %pushi/vec4 0, 0, 2;
    %store/vec4 v0000028fca4e3ba0_0, 0, 2;
    %pushi/vec4 0, 0, 2;
    %store/vec4 v0000028fca4e5680_0, 0, 2;
    %load/vec4 v0000028fca4e4820_0;
    %store/vec4 v0000028fca4e3c40_0, 0, 4;
    %pushi/vec4 0, 0, 1;
    %store/vec4 v0000028fca4e4a00_0, 0, 1;
    %jmp T_4.12;
T_4.3 ;
    %pushi/vec4 1, 0, 1;
    %store/vec4 v0000028fca4e5900_0, 0, 1;
    %pushi/vec4 1, 0, 1;
    %store/vec4 v0000028fca4e4780_0, 0, 1;
    %pushi/vec4 1, 0, 1;
    %store/vec4 v0000028fca4e4460_0, 0, 1;
    %pushi/vec4 1, 0, 2;
    %store/vec4 v0000028fca4e3ba0_0, 0, 2;
    %pushi/vec4 0, 0, 2;
    %store/vec4 v0000028fca4e5680_0, 0, 2;
    %pushi/vec4 0, 0, 4;
    %store/vec4 v0000028fca4e3c40_0, 0, 4;
    %jmp T_4.12;
T_4.4 ;
    %pushi/vec4 1, 0, 1;
    %store/vec4 v0000028fca4e5900_0, 0, 1;
    %pushi/vec4 1, 0, 1;
    %store/vec4 v0000028fca4e4460_0, 0, 1;
    %pushi/vec4 0, 0, 2;
    %store/vec4 v0000028fca4e3ba0_0, 0, 2;
    %pushi/vec4 0, 0, 2;
    %store/vec4 v0000028fca4e5680_0, 0, 2;
    %pushi/vec4 0, 0, 1;
    %store/vec4 v0000028fca4e4a00_0, 0, 1;
    %load/vec4 v0000028fca4e4500_0;
    %dup/vec4;
    %pushi/vec4 0, 0, 3;
    %cmp/u;
    %jmp/1 T_4.13, 6;
    %dup/vec4;
    %pushi/vec4 2, 0, 3;
    %cmp/u;
    %jmp/1 T_4.14, 6;
    %dup/vec4;
    %pushi/vec4 3, 0, 3;
    %cmp/u;
    %jmp/1 T_4.15, 6;
    %dup/vec4;
    %pushi/vec4 4, 0, 3;
    %cmp/u;
    %jmp/1 T_4.16, 6;
    %dup/vec4;
    %pushi/vec4 6, 0, 3;
    %cmp/u;
    %jmp/1 T_4.17, 6;
    %dup/vec4;
    %pushi/vec4 7, 0, 3;
    %cmp/u;
    %jmp/1 T_4.18, 6;
    %dup/vec4;
    %pushi/vec4 1, 0, 3;
    %cmp/u;
    %jmp/1 T_4.19, 6;
    %dup/vec4;
    %pushi/vec4 5, 0, 3;
    %cmp/u;
    %jmp/1 T_4.20, 6;
    %pushi/vec4 0, 0, 4;
    %store/vec4 v0000028fca4e3c40_0, 0, 4;
    %jmp T_4.22;
T_4.13 ;
    %pushi/vec4 0, 0, 4;
    %store/vec4 v0000028fca4e3c40_0, 0, 4;
    %jmp T_4.22;
T_4.14 ;
    %pushi/vec4 5, 0, 4;
    %store/vec4 v0000028fca4e3c40_0, 0, 4;
    %jmp T_4.22;
T_4.15 ;
    %pushi/vec4 6, 0, 4;
    %store/vec4 v0000028fca4e3c40_0, 0, 4;
    %jmp T_4.22;
T_4.16 ;
    %pushi/vec4 4, 0, 4;
    %store/vec4 v0000028fca4e3c40_0, 0, 4;
    %jmp T_4.22;
T_4.17 ;
    %pushi/vec4 3, 0, 4;
    %store/vec4 v0000028fca4e3c40_0, 0, 4;
    %jmp T_4.22;
T_4.18 ;
    %pushi/vec4 2, 0, 4;
    %store/vec4 v0000028fca4e3c40_0, 0, 4;
    %jmp T_4.22;
T_4.19 ;
    %load/vec4 v0000028fca4e3ce0_0;
    %cmpi/e 0, 0, 7;
    %jmp/0xz  T_4.23, 4;
    %pushi/vec4 7, 0, 4;
    %store/vec4 v0000028fca4e3c40_0, 0, 4;
T_4.23 ;
    %jmp T_4.22;
T_4.20 ;
    %load/vec4 v0000028fca4e3ce0_0;
    %cmpi/e 0, 0, 7;
    %jmp/0xz  T_4.25, 4;
    %pushi/vec4 8, 0, 4;
    %store/vec4 v0000028fca4e3c40_0, 0, 4;
    %jmp T_4.26;
T_4.25 ;
    %load/vec4 v0000028fca4e3ce0_0;
    %cmpi/e 32, 0, 7;
    %jmp/0xz  T_4.27, 4;
    %pushi/vec4 9, 0, 4;
    %store/vec4 v0000028fca4e3c40_0, 0, 4;
T_4.27 ;
T_4.26 ;
    %jmp T_4.22;
T_4.22 ;
    %pop/vec4 1;
    %jmp T_4.12;
T_4.5 ;
    %pushi/vec4 1, 0, 1;
    %store/vec4 v0000028fca4e41e0_0, 0, 1;
    %pushi/vec4 1, 0, 1;
    %store/vec4 v0000028fca4e4460_0, 0, 1;
    %pushi/vec4 1, 0, 2;
    %store/vec4 v0000028fca4e5680_0, 0, 2;
    %pushi/vec4 0, 0, 4;
    %store/vec4 v0000028fca4e3c40_0, 0, 4;
    %pushi/vec4 0, 0, 1;
    %store/vec4 v0000028fca4e5900_0, 0, 1;
    %jmp T_4.12;
T_4.6 ;
    %pushi/vec4 1, 0, 1;
    %store/vec4 v0000028fca4e4a00_0, 0, 1;
    %pushi/vec4 0, 0, 1;
    %store/vec4 v0000028fca4e4460_0, 0, 1;
    %pushi/vec4 2, 0, 2;
    %store/vec4 v0000028fca4e5680_0, 0, 2;
    %pushi/vec4 0, 0, 1;
    %store/vec4 v0000028fca4e5900_0, 0, 1;
    %load/vec4 v0000028fca4e4500_0;
    %dup/vec4;
    %pushi/vec4 0, 0, 3;
    %cmp/u;
    %jmp/1 T_4.29, 6;
    %dup/vec4;
    %pushi/vec4 1, 0, 3;
    %cmp/u;
    %jmp/1 T_4.30, 6;
    %dup/vec4;
    %pushi/vec4 4, 0, 3;
    %cmp/u;
    %jmp/1 T_4.31, 6;
    %dup/vec4;
    %pushi/vec4 5, 0, 3;
    %cmp/u;
    %jmp/1 T_4.32, 6;
    %dup/vec4;
    %pushi/vec4 6, 0, 3;
    %cmp/u;
    %jmp/1 T_4.33, 6;
    %dup/vec4;
    %pushi/vec4 7, 0, 3;
    %cmp/u;
    %jmp/1 T_4.34, 6;
    %pushi/vec4 1, 0, 4;
    %store/vec4 v0000028fca4e3c40_0, 0, 4;
    %jmp T_4.36;
T_4.29 ;
    %pushi/vec4 1, 0, 4;
    %store/vec4 v0000028fca4e3c40_0, 0, 4;
    %jmp T_4.36;
T_4.30 ;
    %pushi/vec4 1, 0, 4;
    %store/vec4 v0000028fca4e3c40_0, 0, 4;
    %jmp T_4.36;
T_4.31 ;
    %pushi/vec4 5, 0, 4;
    %store/vec4 v0000028fca4e3c40_0, 0, 4;
    %jmp T_4.36;
T_4.32 ;
    %pushi/vec4 5, 0, 4;
    %store/vec4 v0000028fca4e3c40_0, 0, 4;
    %jmp T_4.36;
T_4.33 ;
    %pushi/vec4 6, 0, 4;
    %store/vec4 v0000028fca4e3c40_0, 0, 4;
    %jmp T_4.36;
T_4.34 ;
    %pushi/vec4 6, 0, 4;
    %store/vec4 v0000028fca4e3c40_0, 0, 4;
    %jmp T_4.36;
T_4.36 ;
    %pop/vec4 1;
    %jmp T_4.12;
T_4.7 ;
    %pushi/vec4 1, 0, 1;
    %store/vec4 v0000028fca4e5900_0, 0, 1;
    %pushi/vec4 1, 0, 1;
    %store/vec4 v0000028fca4e4460_0, 0, 1;
    %pushi/vec4 0, 0, 2;
    %store/vec4 v0000028fca4e3ba0_0, 0, 2;
    %pushi/vec4 3, 0, 2;
    %store/vec4 v0000028fca4e5680_0, 0, 2;
    %pushi/vec4 0, 0, 4;
    %store/vec4 v0000028fca4e3c40_0, 0, 4;
    %jmp T_4.12;
T_4.8 ;
    %pushi/vec4 1, 0, 1;
    %store/vec4 v0000028fca4e5900_0, 0, 1;
    %pushi/vec4 1, 0, 1;
    %store/vec4 v0000028fca4e4460_0, 0, 1;
    %pushi/vec4 0, 0, 2;
    %store/vec4 v0000028fca4e3ba0_0, 0, 2;
    %pushi/vec4 3, 0, 2;
    %store/vec4 v0000028fca4e5680_0, 0, 2;
    %pushi/vec4 0, 0, 4;
    %store/vec4 v0000028fca4e3c40_0, 0, 4;
    %jmp T_4.12;
T_4.9 ;
    %pushi/vec4 1, 0, 1;
    %store/vec4 v0000028fca4e5900_0, 0, 1;
    %pushi/vec4 1, 0, 1;
    %store/vec4 v0000028fca4e5360_0, 0, 1;
    %pushi/vec4 2, 0, 2;
    %store/vec4 v0000028fca4e3ba0_0, 0, 2;
    %pushi/vec4 3, 0, 2;
    %store/vec4 v0000028fca4e5680_0, 0, 2;
    %pushi/vec4 0, 0, 4;
    %store/vec4 v0000028fca4e3c40_0, 0, 4;
    %jmp T_4.12;
T_4.10 ;
    %pushi/vec4 1, 0, 1;
    %store/vec4 v0000028fca4e5900_0, 0, 1;
    %pushi/vec4 1, 0, 1;
    %store/vec4 v0000028fca4e40a0_0, 0, 1;
    %pushi/vec4 1, 0, 1;
    %store/vec4 v0000028fca4e4460_0, 0, 1;
    %pushi/vec4 2, 0, 2;
    %store/vec4 v0000028fca4e3ba0_0, 0, 2;
    %pushi/vec4 0, 0, 2;
    %store/vec4 v0000028fca4e5680_0, 0, 2;
    %pushi/vec4 0, 0, 4;
    %store/vec4 v0000028fca4e3c40_0, 0, 4;
    %jmp T_4.12;
T_4.12 ;
    %pop/vec4 1;
T_4.1 ;
    %jmp T_4;
    .thread T_4, $push;
    .scope S_0000028fca49f970;
T_5 ;
    %wait E_0000028fca4e30a0;
    %pushi/vec4 0, 0, 32;
    %store/vec4 v0000028fca4e59a0_0, 0, 32;
    %load/vec4 v0000028fca4e55e0_0;
    %dup/vec4;
    %pushi/vec4 0, 0, 4;
    %cmp/u;
    %jmp/1 T_5.0, 6;
    %dup/vec4;
    %pushi/vec4 1, 0, 4;
    %cmp/u;
    %jmp/1 T_5.1, 6;
    %dup/vec4;
    %pushi/vec4 2, 0, 4;
    %cmp/u;
    %jmp/1 T_5.2, 6;
    %dup/vec4;
    %pushi/vec4 3, 0, 4;
    %cmp/u;
    %jmp/1 T_5.3, 6;
    %dup/vec4;
    %pushi/vec4 4, 0, 4;
    %cmp/u;
    %jmp/1 T_5.4, 6;
    %dup/vec4;
    %pushi/vec4 5, 0, 4;
    %cmp/u;
    %jmp/1 T_5.5, 6;
    %dup/vec4;
    %pushi/vec4 6, 0, 4;
    %cmp/u;
    %jmp/1 T_5.6, 6;
    %dup/vec4;
    %pushi/vec4 7, 0, 4;
    %cmp/u;
    %jmp/1 T_5.7, 6;
    %dup/vec4;
    %pushi/vec4 8, 0, 4;
    %cmp/u;
    %jmp/1 T_5.8, 6;
    %dup/vec4;
    %pushi/vec4 9, 0, 4;
    %cmp/u;
    %jmp/1 T_5.9, 6;
    %pushi/vec4 0, 0, 32;
    %store/vec4 v0000028fca4e59a0_0, 0, 32;
    %jmp T_5.11;
T_5.0 ;
    %load/vec4 v0000028fca4e4b40_0;
    %pad/s 33;
    %load/vec4 v0000028fca4e46e0_0;
    %pad/s 33;
    %add;
    %split/vec4 32;
    %store/vec4 v0000028fca4e59a0_0, 0, 32;
    %store/vec4 v0000028fca4e4fa0_0, 0, 1;
    %jmp T_5.11;
T_5.1 ;
    %load/vec4 v0000028fca4e4b40_0;
    %load/vec4 v0000028fca4e46e0_0;
    %sub;
    %store/vec4 v0000028fca4e59a0_0, 0, 32;
    %jmp T_5.11;
T_5.2 ;
    %load/vec4 v0000028fca4e4b40_0;
    %load/vec4 v0000028fca4e46e0_0;
    %and;
    %store/vec4 v0000028fca4e59a0_0, 0, 32;
    %jmp T_5.11;
T_5.3 ;
    %load/vec4 v0000028fca4e4b40_0;
    %load/vec4 v0000028fca4e46e0_0;
    %or;
    %store/vec4 v0000028fca4e59a0_0, 0, 32;
    %jmp T_5.11;
T_5.4 ;
    %load/vec4 v0000028fca4e4b40_0;
    %load/vec4 v0000028fca4e46e0_0;
    %xor;
    %store/vec4 v0000028fca4e59a0_0, 0, 32;
    %jmp T_5.11;
T_5.5 ;
    %load/vec4 v0000028fca4e4b40_0;
    %load/vec4 v0000028fca4e46e0_0;
    %cmp/s;
    %flag_mov 8, 5;
    %jmp/0 T_5.12, 8;
    %pushi/vec4 1, 0, 32;
    %jmp/1 T_5.13, 8;
T_5.12 ; End of true expr.
    %pushi/vec4 0, 0, 32;
    %jmp/0 T_5.13, 8;
 ; End of false expr.
    %blend;
T_5.13;
    %store/vec4 v0000028fca4e59a0_0, 0, 32;
    %jmp T_5.11;
T_5.6 ;
    %load/vec4 v0000028fca4e4b40_0;
    %load/vec4 v0000028fca4e46e0_0;
    %cmp/u;
    %flag_mov 8, 5;
    %jmp/0 T_5.14, 8;
    %pushi/vec4 1, 0, 32;
    %jmp/1 T_5.15, 8;
T_5.14 ; End of true expr.
    %pushi/vec4 0, 0, 32;
    %jmp/0 T_5.15, 8;
 ; End of false expr.
    %blend;
T_5.15;
    %store/vec4 v0000028fca4e59a0_0, 0, 32;
    %jmp T_5.11;
T_5.7 ;
    %load/vec4 v0000028fca4e4b40_0;
    %ix/getv 4, v0000028fca4e4640_0;
    %shiftl 4;
    %store/vec4 v0000028fca4e59a0_0, 0, 32;
    %jmp T_5.11;
T_5.8 ;
    %load/vec4 v0000028fca4e4b40_0;
    %ix/getv 4, v0000028fca4e4640_0;
    %shiftr 4;
    %store/vec4 v0000028fca4e59a0_0, 0, 32;
    %jmp T_5.11;
T_5.9 ;
    %load/vec4 v0000028fca4e4b40_0;
    %ix/getv 4, v0000028fca4e4640_0;
    %shiftr/s 4;
    %store/vec4 v0000028fca4e59a0_0, 0, 32;
    %jmp T_5.11;
T_5.11 ;
    %pop/vec4 1;
    %jmp T_5;
    .thread T_5, $push;
    .scope S_0000028fca50e9e0;
T_6 ;
    %wait E_0000028fca4e32a0;
    %load/vec4 v0000028fca571800_0;
    %flag_set/vec4 8;
    %jmp/0xz  T_6.0, 8;
    %load/vec4 v0000028fca571120_0;
    %load/vec4 v0000028fca573090_0;
    %pad/u 7;
    %ix/vec4 3;
    %ix/load 4, 0, 0; Constant delay
    %assign/vec4/a/d v0000028fca572410, 0, 4;
T_6.0 ;
    %jmp T_6;
    .thread T_6;
    .scope S_0000028fca50e9e0;
T_7 ;
    %pushi/vec4 0, 0, 32;
    %ix/load 4, 0, 0;
    %flag_set/imm 4, 0;
    %store/vec4a v0000028fca572410, 4, 0;
    %pushi/vec4 7, 0, 32;
    %ix/load 4, 1, 0;
    %flag_set/imm 4, 0;
    %store/vec4a v0000028fca572410, 4, 0;
    %pushi/vec4 8, 0, 32;
    %ix/load 4, 2, 0;
    %flag_set/imm 4, 0;
    %store/vec4a v0000028fca572410, 4, 0;
    %end;
    .thread T_7;
    .scope S_0000028fca422d60;
T_8 ;
    %wait E_0000028fca4e26e0;
    %pushi/vec4 0, 0, 32;
    %store/vec4 v0000028fca50d2e0_0, 0, 32;
    %load/vec4 v0000028fca50d380_0;
    %dup/vec4;
    %pushi/vec4 0, 0, 2;
    %cmp/u;
    %jmp/1 T_8.0, 6;
    %dup/vec4;
    %pushi/vec4 1, 0, 2;
    %cmp/u;
    %jmp/1 T_8.1, 6;
    %dup/vec4;
    %pushi/vec4 2, 0, 2;
    %cmp/u;
    %jmp/1 T_8.2, 6;
    %dup/vec4;
    %pushi/vec4 3, 0, 2;
    %cmp/u;
    %jmp/1 T_8.3, 6;
    %pushi/vec4 0, 0, 32;
    %store/vec4 v0000028fca50d2e0_0, 0, 32;
    %jmp T_8.5;
T_8.0 ;
    %load/vec4 v0000028fca50c8e0_0;
    %parti/s 1, 11, 5;
    %replicate 20;
    %load/vec4 v0000028fca50c8e0_0;
    %concat/vec4; draw_concat_vec4
    %store/vec4 v0000028fca50d2e0_0, 0, 32;
    %jmp T_8.5;
T_8.1 ;
    %load/vec4 v0000028fca50c980_0;
    %parti/s 1, 11, 5;
    %replicate 20;
    %load/vec4 v0000028fca50c980_0;
    %concat/vec4; draw_concat_vec4
    %store/vec4 v0000028fca50d2e0_0, 0, 32;
    %jmp T_8.5;
T_8.2 ;
    %load/vec4 v0000028fca50c840_0;
    %parti/s 1, 11, 5;
    %replicate 20;
    %load/vec4 v0000028fca50c840_0;
    %concat/vec4; draw_concat_vec4
    %store/vec4 v0000028fca50d2e0_0, 0, 32;
    %jmp T_8.5;
T_8.3 ;
    %load/vec4 v0000028fca50cac0_0;
    %concati/vec4 0, 0, 12;
    %store/vec4 v0000028fca50d2e0_0, 0, 32;
    %jmp T_8.5;
T_8.5 ;
    %pop/vec4 1;
    %jmp T_8;
    .thread T_8, $push;
    .scope S_0000028fca455b20;
T_9 ;
    %wait E_0000028fca4e33e0;
    %load/vec4 v0000028fca50d6a0_0;
    %inv;
    %flag_set/vec4 8;
    %jmp/0xz  T_9.0, 8;
    %pushi/vec4 0, 0, 176;
    %assign/vec4 v0000028fca50cc00_0, 0;
    %jmp T_9.1;
T_9.0 ;
    %load/vec4 v0000028fca50c020_0;
    %load/vec4 v0000028fca50c520_0;
    %concat/vec4; draw_concat_vec4
    %load/vec4 v0000028fca50bbc0_0;
    %concat/vec4; draw_concat_vec4
    %load/vec4 v0000028fca50ce80_0;
    %concat/vec4; draw_concat_vec4
    %load/vec4 v0000028fca50c660_0;
    %concat/vec4; draw_concat_vec4
    %load/vec4 v0000028fca50c200_0;
    %concat/vec4; draw_concat_vec4
    %load/vec4 v0000028fca50d420_0;
    %concat/vec4; draw_concat_vec4
    %load/vec4 v0000028fca50bda0_0;
    %concat/vec4; draw_concat_vec4
    %assign/vec4 v0000028fca50cc00_0, 0;
T_9.1 ;
    %jmp T_9;
    .thread T_9;
    .scope S_0000028fca49f7e0;
T_10 ;
    %wait E_0000028fca4e28e0;
    %pushi/vec4 0, 0, 32;
    %store/vec4 v0000028fca4e57c0_0, 0, 32;
    %load/vec4 v0000028fca4e4c80_0;
    %dup/vec4;
    %pushi/vec4 0, 0, 4;
    %cmp/u;
    %jmp/1 T_10.0, 6;
    %dup/vec4;
    %pushi/vec4 1, 0, 4;
    %cmp/u;
    %jmp/1 T_10.1, 6;
    %dup/vec4;
    %pushi/vec4 2, 0, 4;
    %cmp/u;
    %jmp/1 T_10.2, 6;
    %dup/vec4;
    %pushi/vec4 3, 0, 4;
    %cmp/u;
    %jmp/1 T_10.3, 6;
    %dup/vec4;
    %pushi/vec4 4, 0, 4;
    %cmp/u;
    %jmp/1 T_10.4, 6;
    %dup/vec4;
    %pushi/vec4 5, 0, 4;
    %cmp/u;
    %jmp/1 T_10.5, 6;
    %dup/vec4;
    %pushi/vec4 6, 0, 4;
    %cmp/u;
    %jmp/1 T_10.6, 6;
    %dup/vec4;
    %pushi/vec4 7, 0, 4;
    %cmp/u;
    %jmp/1 T_10.7, 6;
    %dup/vec4;
    %pushi/vec4 8, 0, 4;
    %cmp/u;
    %jmp/1 T_10.8, 6;
    %dup/vec4;
    %pushi/vec4 9, 0, 4;
    %cmp/u;
    %jmp/1 T_10.9, 6;
    %pushi/vec4 0, 0, 32;
    %store/vec4 v0000028fca4e57c0_0, 0, 32;
    %jmp T_10.11;
T_10.0 ;
    %load/vec4 v0000028fca4e50e0_0;
    %pad/s 33;
    %load/vec4 v0000028fca4e3d80_0;
    %pad/s 33;
    %add;
    %split/vec4 32;
    %store/vec4 v0000028fca4e57c0_0, 0, 32;
    %store/vec4 v0000028fca4e4960_0, 0, 1;
    %jmp T_10.11;
T_10.1 ;
    %load/vec4 v0000028fca4e50e0_0;
    %load/vec4 v0000028fca4e3d80_0;
    %sub;
    %store/vec4 v0000028fca4e57c0_0, 0, 32;
    %jmp T_10.11;
T_10.2 ;
    %load/vec4 v0000028fca4e50e0_0;
    %load/vec4 v0000028fca4e3d80_0;
    %and;
    %store/vec4 v0000028fca4e57c0_0, 0, 32;
    %jmp T_10.11;
T_10.3 ;
    %load/vec4 v0000028fca4e50e0_0;
    %load/vec4 v0000028fca4e3d80_0;
    %or;
    %store/vec4 v0000028fca4e57c0_0, 0, 32;
    %jmp T_10.11;
T_10.4 ;
    %load/vec4 v0000028fca4e50e0_0;
    %load/vec4 v0000028fca4e3d80_0;
    %xor;
    %store/vec4 v0000028fca4e57c0_0, 0, 32;
    %jmp T_10.11;
T_10.5 ;
    %load/vec4 v0000028fca4e50e0_0;
    %load/vec4 v0000028fca4e3d80_0;
    %cmp/s;
    %flag_mov 8, 5;
    %jmp/0 T_10.12, 8;
    %pushi/vec4 1, 0, 32;
    %jmp/1 T_10.13, 8;
T_10.12 ; End of true expr.
    %pushi/vec4 0, 0, 32;
    %jmp/0 T_10.13, 8;
 ; End of false expr.
    %blend;
T_10.13;
    %store/vec4 v0000028fca4e57c0_0, 0, 32;
    %jmp T_10.11;
T_10.6 ;
    %load/vec4 v0000028fca4e50e0_0;
    %load/vec4 v0000028fca4e3d80_0;
    %cmp/u;
    %flag_mov 8, 5;
    %jmp/0 T_10.14, 8;
    %pushi/vec4 1, 0, 32;
    %jmp/1 T_10.15, 8;
T_10.14 ; End of true expr.
    %pushi/vec4 0, 0, 32;
    %jmp/0 T_10.15, 8;
 ; End of false expr.
    %blend;
T_10.15;
    %store/vec4 v0000028fca4e57c0_0, 0, 32;
    %jmp T_10.11;
T_10.7 ;
    %load/vec4 v0000028fca4e50e0_0;
    %ix/getv 4, v0000028fca4e5540_0;
    %shiftl 4;
    %store/vec4 v0000028fca4e57c0_0, 0, 32;
    %jmp T_10.11;
T_10.8 ;
    %load/vec4 v0000028fca4e50e0_0;
    %ix/getv 4, v0000028fca4e5540_0;
    %shiftr 4;
    %store/vec4 v0000028fca4e57c0_0, 0, 32;
    %jmp T_10.11;
T_10.9 ;
    %load/vec4 v0000028fca4e50e0_0;
    %ix/getv 4, v0000028fca4e5540_0;
    %shiftr/s 4;
    %store/vec4 v0000028fca4e57c0_0, 0, 32;
    %jmp T_10.11;
T_10.11 ;
    %pop/vec4 1;
    %jmp T_10;
    .thread T_10, $push;
    .scope S_0000028fca46ced0;
T_11 ;
    %wait E_0000028fca4e33e0;
    %load/vec4 v0000028fca50be40_0;
    %inv;
    %flag_set/vec4 8;
    %jmp/0xz  T_11.0, 8;
    %pushi/vec4 0, 0, 108;
    %assign/vec4 v0000028fca50bee0_0, 0;
    %jmp T_11.1;
T_11.0 ;
    %load/vec4 v0000028fca50d060_0;
    %load/vec4 v0000028fca50bd00_0;
    %concat/vec4; draw_concat_vec4
    %load/vec4 v0000028fca50ca20_0;
    %concat/vec4; draw_concat_vec4
    %load/vec4 v0000028fca50bc60_0;
    %concat/vec4; draw_concat_vec4
    %load/vec4 v0000028fca50c0c0_0;
    %concat/vec4; draw_concat_vec4
    %load/vec4 v0000028fca50cca0_0;
    %concat/vec4; draw_concat_vec4
    %load/vec4 v0000028fca50bf80_0;
    %concat/vec4; draw_concat_vec4
    %load/vec4 v0000028fca50c160_0;
    %concat/vec4; draw_concat_vec4
    %load/vec4 v0000028fca50d1a0_0;
    %concat/vec4; draw_concat_vec4
    %load/vec4 v0000028fca50c7a0_0;
    %concat/vec4; draw_concat_vec4
    %assign/vec4 v0000028fca50bee0_0, 0;
T_11.1 ;
    %jmp T_11;
    .thread T_11;
    .scope S_0000028fca46cd40;
T_12 ;
    %pushi/vec4 21, 0, 32;
    %ix/load 4, 0, 0;
    %flag_set/imm 4, 0;
    %store/vec4a v0000028fca50d920, 4, 0;
    %pushi/vec4 50, 0, 32;
    %ix/load 4, 1, 0;
    %flag_set/imm 4, 0;
    %store/vec4a v0000028fca50d920, 4, 0;
    %pushi/vec4 18, 0, 32;
    %ix/load 4, 2, 0;
    %flag_set/imm 4, 0;
    %store/vec4a v0000028fca50d920, 4, 0;
    %pushi/vec4 23, 0, 32;
    %ix/load 4, 6, 0;
    %flag_set/imm 4, 0;
    %store/vec4a v0000028fca50d920, 4, 0;
    %pushi/vec4 100, 0, 32;
    %ix/load 4, 7, 0;
    %flag_set/imm 4, 0;
    %store/vec4a v0000028fca50d920, 4, 0;
    %end;
    .thread T_12;
    .scope S_0000028fca46cd40;
T_13 ;
    %wait E_0000028fca4e32a0;
    %load/vec4 v0000028fca4e4000_0;
    %flag_set/vec4 8;
    %jmp/0xz  T_13.0, 8;
    %load/vec4 v0000028fca4d3430_0;
    %load/vec4 v0000028fca4e3e20_0;
    %parti/s 30, 2, 3;
    %ix/vec4 3;
    %ix/load 4, 0, 0; Constant delay
    %assign/vec4/a/d v0000028fca50d920, 0, 4;
T_13.0 ;
    %jmp T_13;
    .thread T_13;
    .scope S_0000028fca46e290;
T_14 ;
    %wait E_0000028fca4e33e0;
    %load/vec4 v0000028fca5707c0_0;
    %inv;
    %flag_set/vec4 8;
    %jmp/0xz  T_14.0, 8;
    %pushi/vec4 0, 0, 71;
    %assign/vec4 v0000028fca570fe0_0, 0;
    %jmp T_14.1;
T_14.0 ;
    %load/vec4 v0000028fca570360_0;
    %load/vec4 v0000028fca570680_0;
    %concat/vec4; draw_concat_vec4
    %load/vec4 v0000028fca5711c0_0;
    %concat/vec4; draw_concat_vec4
    %load/vec4 v0000028fca570180_0;
    %concat/vec4; draw_concat_vec4
    %load/vec4 v0000028fca570400_0;
    %concat/vec4; draw_concat_vec4
    %assign/vec4 v0000028fca570fe0_0, 0;
T_14.1 ;
    %jmp T_14;
    .thread T_14;
# The file index is used to find the file name in the following table.
:file_names 17;
    "N/A";
    "<interactive>";
    "./ALU.v";
    "Top_Module.v";
    "./Control_Unit.v";
    "./RTypeALUControl.v";
    "./Data_Memory.v";
    "./EX_MEM.v";
    "./ID_EX.v";
    "./IF_ID.v";
    "./Imm_Extend.v";
    "./Inst_Mem.v";
    "./MEM_WB.v";
    "./Multiplexer.v";
    "./PC.v";
    "./PCPlus4.v";
    "./Register.v";
