#! /usr/bin/vvp
:ivl_version "12.0 (stable)";
:ivl_delay_selection "TYPICAL";
:vpi_time_precision - 12;
:vpi_module "/usr/lib/x86_64-linux-gnu/ivl/system.vpi";
:vpi_module "/usr/lib/x86_64-linux-gnu/ivl/vhdl_sys.vpi";
:vpi_module "/usr/lib/x86_64-linux-gnu/ivl/vhdl_textio.vpi";
:vpi_module "/usr/lib/x86_64-linux-gnu/ivl/v2005_math.vpi";
:vpi_module "/usr/lib/x86_64-linux-gnu/ivl/va_math.vpi";
S_0x63c55bd2a340 .scope module, "tb" "tb" 2 239;
 .timescale -9 -12;
v0x63c55bd5fd80_0 .net "Rx_Done", 0 0, v0x63c55bd3e600_0;  1 drivers
v0x63c55bd5fe90_0 .var "Rx_Serial", 0 0;
v0x63c55bd5ffa0_0 .net "Tx_Active", 0 0, v0x63c55bd5e8f0_0;  1 drivers
v0x63c55bd60090_0 .net "Tx_Done", 0 0, v0x63c55bd5e9b0_0;  1 drivers
v0x63c55bd60180_0 .var "Tx_Drive", 0 0;
v0x63c55bd602c0_0 .net "Tx_Serial", 0 0, v0x63c55bd5eb40_0;  1 drivers
v0x63c55bd603b0_0 .var "clk", 0 0;
v0x63c55bd604e0_0 .var "clk_rx", 0 0;
v0x63c55bd60580_0 .var "data_in", 7 0;
v0x63c55bd606b0_0 .net "data_out", 7 0, v0x63c55bd5dd00_0;  1 drivers
v0x63c55bd60770_0 .var/i "i", 31 0;
v0x63c55bd60850 .array "memory", 7 0, 31 0;
v0x63c55bd60910_0 .var "rst", 0 0;
v0x63c55bd60a40_0 .net "tick", 0 0, v0x63c55bd3e3d0_0;  1 drivers
S_0x63c55bd30be0 .scope begin, "$ivl_for_loop0" "$ivl_for_loop0" 2 294, 2 294 0, S_0x63c55bd2a340;
 .timescale -9 -12;
v0x63c55bd3d940_0 .var/i "j", 31 0;
E_0x63c55bd2f4d0 .event posedge, v0x63c55bd3e3d0_0;
S_0x63c55bd5cad0 .scope module, "UART0" "UART" 2 250, 2 213 0, S_0x63c55bd2a340;
 .timescale -9 -12;
    .port_info 0 /INPUT 1 "clk";
    .port_info 1 /INPUT 1 "rst";
    .port_info 2 /INPUT 1 "Tx_Drive";
    .port_info 3 /INPUT 8 "Tx_Data";
    .port_info 4 /OUTPUT 1 "Tx_Serial";
    .port_info 5 /OUTPUT 1 "Tx_Active";
    .port_info 6 /INPUT 1 "Rx_Serial";
    .port_info 7 /OUTPUT 1 "Tx_Done";
    .port_info 8 /OUTPUT 1 "Rx_Done";
    .port_info 9 /OUTPUT 8 "data_out";
    .port_info 10 /OUTPUT 1 "tick";
P_0x63c55bd5ccd0 .param/l "dvsr" 0 2 215, C4<0000000110110010>;
P_0x63c55bd5cd10 .param/l "tick_div_rx" 0 2 214, C4<1100>;
P_0x63c55bd5cd50 .param/l "tick_div_tx" 0 2 213, C4<1100>;
v0x63c55bd5f420_0 .net "Rx_Done", 0 0, v0x63c55bd3e600_0;  alias, 1 drivers
v0x63c55bd5f4e0_0 .net "Rx_Serial", 0 0, v0x63c55bd5fe90_0;  1 drivers
v0x63c55bd5f580_0 .net "Tx_Active", 0 0, v0x63c55bd5e8f0_0;  alias, 1 drivers
v0x63c55bd5f650_0 .net "Tx_Data", 7 0, v0x63c55bd60580_0;  1 drivers
v0x63c55bd5f720_0 .net "Tx_Done", 0 0, v0x63c55bd5e9b0_0;  alias, 1 drivers
v0x63c55bd5f7c0_0 .net "Tx_Drive", 0 0, v0x63c55bd60180_0;  1 drivers
v0x63c55bd5f890_0 .net "Tx_Serial", 0 0, v0x63c55bd5eb40_0;  alias, 1 drivers
v0x63c55bd5f960_0 .net "clk", 0 0, v0x63c55bd603b0_0;  1 drivers
v0x63c55bd5fa00_0 .net "data_out", 7 0, v0x63c55bd5dd00_0;  alias, 1 drivers
v0x63c55bd5fb60_0 .net "rst", 0 0, v0x63c55bd60910_0;  1 drivers
v0x63c55bd5fc00_0 .net "tick", 0 0, v0x63c55bd3e3d0_0;  alias, 1 drivers
S_0x63c55bd5cf40 .scope module, "baud_gen" "baud_gen" 2 231, 2 187 0, S_0x63c55bd5cad0;
 .timescale -9 -12;
    .port_info 0 /INPUT 1 "clk";
    .port_info 1 /INPUT 1 "rst";
    .port_info 2 /INPUT 16 "dvsr";
    .port_info 3 /OUTPUT 1 "tick";
v0x63c55bd3db40_0 .net "clk", 0 0, v0x63c55bd603b0_0;  alias, 1 drivers
v0x63c55bd3dd40_0 .var "count", 15 0;
L_0x727d971860a8 .functor BUFT 1, C4<0000000110110010>, C4<0>, C4<0>, C4<0>;
v0x63c55bd3df70_0 .net "dvsr", 15 0, L_0x727d971860a8;  1 drivers
v0x63c55bd3e1a0_0 .net "rst", 0 0, v0x63c55bd60910_0;  alias, 1 drivers
v0x63c55bd3e3d0_0 .var "tick", 0 0;
E_0x63c55bd2e580/0 .event negedge, v0x63c55bd3e1a0_0;
E_0x63c55bd2e580/1 .event posedge, v0x63c55bd3db40_0;
E_0x63c55bd2e580 .event/or E_0x63c55bd2e580/0, E_0x63c55bd2e580/1;
S_0x63c55bd5d2c0 .scope module, "uart_rx" "uart_rx" 2 229, 2 93 0, S_0x63c55bd5cad0;
 .timescale -9 -12;
    .port_info 0 /INPUT 1 "clk";
    .port_info 1 /INPUT 1 "tick";
    .port_info 2 /INPUT 1 "rst";
    .port_info 3 /INPUT 1 "Rx_Serial";
    .port_info 4 /INPUT 4 "clk_div";
    .port_info 5 /OUTPUT 1 "Rx_Done";
    .port_info 6 /OUTPUT 8 "data_out";
P_0x63c55bd5d4c0 .param/l "s_Idle" 0 2 100, C4<00>;
P_0x63c55bd5d500 .param/l "s_Read" 0 2 100, C4<10>;
P_0x63c55bd5d540 .param/l "s_Start" 0 2 100, C4<01>;
P_0x63c55bd5d580 .param/l "s_Stop" 0 2 100, C4<11>;
v0x63c55bd3e600_0 .var "Rx_Done", 0 0;
v0x63c55bd5d8f0_0 .net "Rx_Serial", 0 0, v0x63c55bd5fe90_0;  alias, 1 drivers
v0x63c55bd5d9b0_0 .var "bit_indx", 2 0;
v0x63c55bd5da70_0 .net "clk", 0 0, v0x63c55bd603b0_0;  alias, 1 drivers
L_0x727d97186060 .functor BUFT 1, C4<1100>, C4<0>, C4<0>, C4<0>;
v0x63c55bd5db10_0 .net "clk_div", 3 0, L_0x727d97186060;  1 drivers
v0x63c55bd5dc20_0 .var "count", 3 0;
v0x63c55bd5dd00_0 .var "data_out", 7 0;
v0x63c55bd5dde0_0 .var/i "i", 31 0;
v0x63c55bd5dec0 .array "mem", 7 0, 0 0;
v0x63c55bd5e060_0 .net "rst", 0 0, v0x63c55bd60910_0;  alias, 1 drivers
v0x63c55bd5e100_0 .var "state", 1 0;
v0x63c55bd5e1c0_0 .net "tick", 0 0, v0x63c55bd3e3d0_0;  alias, 1 drivers
E_0x63c55bd00290/0 .event negedge, v0x63c55bd3e1a0_0;
E_0x63c55bd00290/1 .event posedge, v0x63c55bd3e3d0_0;
E_0x63c55bd00290 .event/or E_0x63c55bd00290/0, E_0x63c55bd00290/1;
v0x63c55bd5dec0_0 .array/port v0x63c55bd5dec0, 0;
v0x63c55bd5dec0_1 .array/port v0x63c55bd5dec0, 1;
v0x63c55bd5dec0_2 .array/port v0x63c55bd5dec0, 2;
v0x63c55bd5dec0_3 .array/port v0x63c55bd5dec0, 3;
E_0x63c55bd40790/0 .event anyedge, v0x63c55bd5dec0_0, v0x63c55bd5dec0_1, v0x63c55bd5dec0_2, v0x63c55bd5dec0_3;
v0x63c55bd5dec0_4 .array/port v0x63c55bd5dec0, 4;
v0x63c55bd5dec0_5 .array/port v0x63c55bd5dec0, 5;
v0x63c55bd5dec0_6 .array/port v0x63c55bd5dec0, 6;
v0x63c55bd5dec0_7 .array/port v0x63c55bd5dec0, 7;
E_0x63c55bd40790/1 .event anyedge, v0x63c55bd5dec0_4, v0x63c55bd5dec0_5, v0x63c55bd5dec0_6, v0x63c55bd5dec0_7;
E_0x63c55bd40790 .event/or E_0x63c55bd40790/0, E_0x63c55bd40790/1;
S_0x63c55bd5e320 .scope module, "uart_tx" "uart_tx" 2 227, 2 4 0, S_0x63c55bd5cad0;
 .timescale -9 -12;
    .port_info 0 /INPUT 1 "tick";
    .port_info 1 /INPUT 1 "Tx_Drive";
    .port_info 2 /INPUT 8 "data_in";
    .port_info 3 /INPUT 4 "tick_div";
    .port_info 4 /INPUT 1 "rst";
    .port_info 5 /OUTPUT 1 "Tx_Serial";
    .port_info 6 /OUTPUT 1 "Tx_Active";
    .port_info 7 /OUTPUT 1 "Tx_Done";
P_0x63c55bd5e500 .param/l "s_DATA" 0 2 15, C4<010>;
P_0x63c55bd5e540 .param/l "s_IDLE" 0 2 15, C4<000>;
P_0x63c55bd5e580 .param/l "s_START" 0 2 15, C4<001>;
P_0x63c55bd5e5c0 .param/l "s_STOP" 0 2 15, C4<011>;
v0x63c55bd5e8f0_0 .var "Tx_Active", 0 0;
v0x63c55bd5e9b0_0 .var "Tx_Done", 0 0;
v0x63c55bd5ea70_0 .net "Tx_Drive", 0 0, v0x63c55bd60180_0;  alias, 1 drivers
v0x63c55bd5eb40_0 .var "Tx_Serial", 0 0;
v0x63c55bd5ec00_0 .var "bit_indx", 2 0;
v0x63c55bd5ed30_0 .var "count", 3 0;
v0x63c55bd5ee10_0 .net "data_in", 7 0, v0x63c55bd60580_0;  alias, 1 drivers
v0x63c55bd5eef0_0 .net "rst", 0 0, v0x63c55bd60910_0;  alias, 1 drivers
v0x63c55bd5efe0_0 .var "state", 2 0;
v0x63c55bd5f150_0 .net "tick", 0 0, v0x63c55bd603b0_0;  alias, 1 drivers
L_0x727d97186018 .functor BUFT 1, C4<1100>, C4<0>, C4<0>, C4<0>;
v0x63c55bd5f1f0_0 .net "tick_div", 3 0, L_0x727d97186018;  1 drivers
    .scope S_0x63c55bd5e320;
T_0 ;
    %pushi/vec4 0, 0, 3;
    %store/vec4 v0x63c55bd5efe0_0, 0, 3;
    %end;
    .thread T_0;
    .scope S_0x63c55bd5e320;
T_1 ;
    %wait E_0x63c55bd2e580;
    %load/vec4 v0x63c55bd5eef0_0;
    %nor/r;
    %flag_set/vec4 8;
    %jmp/0xz  T_1.0, 8;
    %pushi/vec4 0, 0, 3;
    %assign/vec4 v0x63c55bd5efe0_0, 0;
    %pushi/vec4 0, 0, 4;
    %assign/vec4 v0x63c55bd5ed30_0, 0;
    %pushi/vec4 1, 0, 1;
    %assign/vec4 v0x63c55bd5eb40_0, 0;
    %pushi/vec4 0, 0, 1;
    %assign/vec4 v0x63c55bd5e8f0_0, 0;
    %pushi/vec4 0, 0, 3;
    %assign/vec4 v0x63c55bd5ec00_0, 0;
    %pushi/vec4 0, 0, 1;
    %assign/vec4 v0x63c55bd5e9b0_0, 0;
    %jmp T_1.1;
T_1.0 ;
    %load/vec4 v0x63c55bd5efe0_0;
    %dup/vec4;
    %pushi/vec4 0, 0, 3;
    %cmp/u;
    %jmp/1 T_1.2, 6;
    %dup/vec4;
    %pushi/vec4 1, 0, 3;
    %cmp/u;
    %jmp/1 T_1.3, 6;
    %dup/vec4;
    %pushi/vec4 2, 0, 3;
    %cmp/u;
    %jmp/1 T_1.4, 6;
    %dup/vec4;
    %pushi/vec4 3, 0, 3;
    %cmp/u;
    %jmp/1 T_1.5, 6;
    %pushi/vec4 0, 0, 3;
    %assign/vec4 v0x63c55bd5efe0_0, 0;
    %jmp T_1.7;
T_1.2 ;
    %pushi/vec4 0, 0, 4;
    %assign/vec4 v0x63c55bd5ed30_0, 0;
    %pushi/vec4 1, 0, 1;
    %assign/vec4 v0x63c55bd5eb40_0, 0;
    %pushi/vec4 0, 0, 1;
    %assign/vec4 v0x63c55bd5e8f0_0, 0;
    %pushi/vec4 0, 0, 3;
    %assign/vec4 v0x63c55bd5ec00_0, 0;
    %pushi/vec4 0, 0, 1;
    %assign/vec4 v0x63c55bd5e9b0_0, 0;
    %load/vec4 v0x63c55bd5ea70_0;
    %flag_set/vec4 8;
    %jmp/0xz  T_1.8, 8;
    %pushi/vec4 1, 0, 3;
    %assign/vec4 v0x63c55bd5efe0_0, 0;
    %pushi/vec4 1, 0, 1;
    %assign/vec4 v0x63c55bd5e8f0_0, 0;
    %jmp T_1.9;
T_1.8 ;
    %pushi/vec4 0, 0, 3;
    %assign/vec4 v0x63c55bd5efe0_0, 0;
T_1.9 ;
    %jmp T_1.7;
T_1.3 ;
    %load/vec4 v0x63c55bd5ed30_0;
    %addi 1, 0, 4;
    %assign/vec4 v0x63c55bd5ed30_0, 0;
    %pushi/vec4 0, 0, 1;
    %assign/vec4 v0x63c55bd5eb40_0, 0;
    %load/vec4 v0x63c55bd5ed30_0;
    %load/vec4 v0x63c55bd5f1f0_0;
    %subi 1, 0, 4;
    %cmp/e;
    %jmp/0xz  T_1.10, 4;
    %pushi/vec4 2, 0, 3;
    %assign/vec4 v0x63c55bd5efe0_0, 0;
    %pushi/vec4 0, 0, 4;
    %assign/vec4 v0x63c55bd5ed30_0, 0;
    %pushi/vec4 0, 0, 3;
    %assign/vec4 v0x63c55bd5ec00_0, 0;
    %pushi/vec4 1, 0, 1;
    %assign/vec4 v0x63c55bd5e8f0_0, 0;
    %jmp T_1.11;
T_1.10 ;
    %pushi/vec4 1, 0, 3;
    %assign/vec4 v0x63c55bd5efe0_0, 0;
T_1.11 ;
    %jmp T_1.7;
T_1.4 ;
    %load/vec4 v0x63c55bd5ed30_0;
    %addi 1, 0, 4;
    %assign/vec4 v0x63c55bd5ed30_0, 0;
    %load/vec4 v0x63c55bd5ee10_0;
    %load/vec4 v0x63c55bd5ec00_0;
    %part/u 1;
    %assign/vec4 v0x63c55bd5eb40_0, 0;
    %load/vec4 v0x63c55bd5ed30_0;
    %load/vec4 v0x63c55bd5f1f0_0;
    %subi 1, 0, 4;
    %cmp/e;
    %jmp/0xz  T_1.12, 4;
    %pushi/vec4 0, 0, 4;
    %assign/vec4 v0x63c55bd5ed30_0, 0;
    %load/vec4 v0x63c55bd5ec00_0;
    %cmpi/u 7, 0, 3;
    %jmp/0xz  T_1.14, 5;
    %load/vec4 v0x63c55bd5ec00_0;
    %addi 1, 0, 3;
    %assign/vec4 v0x63c55bd5ec00_0, 0;
    %pushi/vec4 2, 0, 3;
    %assign/vec4 v0x63c55bd5efe0_0, 0;
    %jmp T_1.15;
T_1.14 ;
    %pushi/vec4 3, 0, 3;
    %assign/vec4 v0x63c55bd5efe0_0, 0;
T_1.15 ;
T_1.12 ;
    %jmp T_1.7;
T_1.5 ;
    %pushi/vec4 1, 0, 1;
    %assign/vec4 v0x63c55bd5eb40_0, 0;
    %pushi/vec4 0, 0, 1;
    %assign/vec4 v0x63c55bd5e8f0_0, 0;
    %pushi/vec4 0, 0, 3;
    %assign/vec4 v0x63c55bd5efe0_0, 0;
    %pushi/vec4 0, 0, 4;
    %assign/vec4 v0x63c55bd5ed30_0, 0;
    %pushi/vec4 1, 0, 1;
    %assign/vec4 v0x63c55bd5e9b0_0, 0;
    %jmp T_1.7;
T_1.7 ;
    %pop/vec4 1;
T_1.1 ;
    %jmp T_1;
    .thread T_1;
    .scope S_0x63c55bd5d2c0;
T_2 ;
    %pushi/vec4 0, 0, 2;
    %store/vec4 v0x63c55bd5e100_0, 0, 2;
    %end;
    .thread T_2;
    .scope S_0x63c55bd5d2c0;
T_3 ;
    %wait E_0x63c55bd40790;
    %ix/load 4, 7, 0;
    %flag_set/imm 4, 0;
    %load/vec4a v0x63c55bd5dec0, 4;
    %ix/load 4, 6, 0;
    %flag_set/imm 4, 0;
    %load/vec4a v0x63c55bd5dec0, 4;
    %concat/vec4; draw_concat_vec4
    %ix/load 4, 5, 0;
    %flag_set/imm 4, 0;
    %load/vec4a v0x63c55bd5dec0, 4;
    %concat/vec4; draw_concat_vec4
    %ix/load 4, 4, 0;
    %flag_set/imm 4, 0;
    %load/vec4a v0x63c55bd5dec0, 4;
    %concat/vec4; draw_concat_vec4
    %ix/load 4, 3, 0;
    %flag_set/imm 4, 0;
    %load/vec4a v0x63c55bd5dec0, 4;
    %concat/vec4; draw_concat_vec4
    %ix/load 4, 2, 0;
    %flag_set/imm 4, 0;
    %load/vec4a v0x63c55bd5dec0, 4;
    %concat/vec4; draw_concat_vec4
    %ix/load 4, 1, 0;
    %flag_set/imm 4, 0;
    %load/vec4a v0x63c55bd5dec0, 4;
    %concat/vec4; draw_concat_vec4
    %ix/load 4, 0, 0;
    %flag_set/imm 4, 0;
    %load/vec4a v0x63c55bd5dec0, 4;
    %concat/vec4; draw_concat_vec4
    %store/vec4 v0x63c55bd5dd00_0, 0, 8;
    %jmp T_3;
    .thread T_3, $push;
    .scope S_0x63c55bd5d2c0;
T_4 ;
    %wait E_0x63c55bd00290;
    %load/vec4 v0x63c55bd5e060_0;
    %inv;
    %flag_set/vec4 8;
    %jmp/0xz  T_4.0, 8;
    %pushi/vec4 0, 0, 32;
    %store/vec4 v0x63c55bd5dde0_0, 0, 32;
T_4.2 ;
    %load/vec4 v0x63c55bd5dde0_0;
    %cmpi/s 7, 0, 32;
    %flag_or 5, 4;
    %jmp/0xz T_4.3, 5;
    %pushi/vec4 0, 0, 1;
    %ix/getv/s 3, v0x63c55bd5dde0_0;
    %ix/load 4, 0, 0; Constant delay
    %assign/vec4/a/d v0x63c55bd5dec0, 0, 4;
    %load/vec4 v0x63c55bd5dde0_0;
    %addi 1, 0, 32;
    %store/vec4 v0x63c55bd5dde0_0, 0, 32;
    %jmp T_4.2;
T_4.3 ;
    %pushi/vec4 0, 0, 2;
    %assign/vec4 v0x63c55bd5e100_0, 0;
    %pushi/vec4 0, 0, 3;
    %assign/vec4 v0x63c55bd5d9b0_0, 0;
    %pushi/vec4 0, 0, 4;
    %assign/vec4 v0x63c55bd5dc20_0, 0;
    %pushi/vec4 0, 0, 1;
    %assign/vec4 v0x63c55bd3e600_0, 0;
    %jmp T_4.1;
T_4.0 ;
    %load/vec4 v0x63c55bd5e100_0;
    %dup/vec4;
    %pushi/vec4 0, 0, 2;
    %cmp/u;
    %jmp/1 T_4.4, 6;
    %dup/vec4;
    %pushi/vec4 1, 0, 2;
    %cmp/u;
    %jmp/1 T_4.5, 6;
    %dup/vec4;
    %pushi/vec4 2, 0, 2;
    %cmp/u;
    %jmp/1 T_4.6, 6;
    %dup/vec4;
    %pushi/vec4 3, 0, 2;
    %cmp/u;
    %jmp/1 T_4.7, 6;
    %pushi/vec4 0, 0, 2;
    %assign/vec4 v0x63c55bd5e100_0, 0;
    %jmp T_4.9;
T_4.4 ;
    %pushi/vec4 0, 0, 3;
    %assign/vec4 v0x63c55bd5d9b0_0, 0;
    %pushi/vec4 0, 0, 4;
    %assign/vec4 v0x63c55bd5dc20_0, 0;
    %pushi/vec4 0, 0, 1;
    %assign/vec4 v0x63c55bd3e600_0, 0;
    %load/vec4 v0x63c55bd5d8f0_0;
    %cmpi/e 0, 0, 1;
    %jmp/0xz  T_4.10, 4;
    %pushi/vec4 1, 0, 2;
    %assign/vec4 v0x63c55bd5e100_0, 0;
    %jmp T_4.11;
T_4.10 ;
    %pushi/vec4 0, 0, 2;
    %assign/vec4 v0x63c55bd5e100_0, 0;
T_4.11 ;
    %jmp T_4.9;
T_4.5 ;
    %load/vec4 v0x63c55bd5dc20_0;
    %addi 1, 0, 4;
    %assign/vec4 v0x63c55bd5dc20_0, 0;
    %load/vec4 v0x63c55bd5dc20_0;
    %pad/u 32;
    %load/vec4 v0x63c55bd5db10_0;
    %pad/u 32;
    %pushi/vec4 2, 0, 32;
    %div;
    %subi 1, 0, 32;
    %cmp/e;
    %jmp/0xz  T_4.12, 4;
    %load/vec4 v0x63c55bd5d8f0_0;
    %cmpi/e 0, 0, 1;
    %jmp/0xz  T_4.14, 4;
    %pushi/vec4 2, 0, 2;
    %assign/vec4 v0x63c55bd5e100_0, 0;
    %pushi/vec4 0, 0, 4;
    %assign/vec4 v0x63c55bd5dc20_0, 0;
    %jmp T_4.15;
T_4.14 ;
    %pushi/vec4 0, 0, 2;
    %assign/vec4 v0x63c55bd5e100_0, 0;
T_4.15 ;
    %jmp T_4.13;
T_4.12 ;
    %pushi/vec4 1, 0, 2;
    %assign/vec4 v0x63c55bd5e100_0, 0;
T_4.13 ;
    %jmp T_4.9;
T_4.6 ;
    %load/vec4 v0x63c55bd5dc20_0;
    %load/vec4 v0x63c55bd5db10_0;
    %subi 1, 0, 4;
    %cmp/e;
    %jmp/0xz  T_4.16, 4;
    %pushi/vec4 0, 0, 4;
    %assign/vec4 v0x63c55bd5dc20_0, 0;
    %load/vec4 v0x63c55bd5d8f0_0;
    %load/vec4 v0x63c55bd5d9b0_0;
    %pad/u 5;
    %ix/vec4 3;
    %ix/load 4, 0, 0; Constant delay
    %assign/vec4/a/d v0x63c55bd5dec0, 0, 4;
    %load/vec4 v0x63c55bd5d9b0_0;
    %cmpi/e 7, 0, 3;
    %jmp/0xz  T_4.18, 4;
    %pushi/vec4 3, 0, 2;
    %assign/vec4 v0x63c55bd5e100_0, 0;
    %jmp T_4.19;
T_4.18 ;
    %load/vec4 v0x63c55bd5d9b0_0;
    %addi 1, 0, 3;
    %assign/vec4 v0x63c55bd5d9b0_0, 0;
    %pushi/vec4 2, 0, 2;
    %assign/vec4 v0x63c55bd5e100_0, 0;
T_4.19 ;
    %jmp T_4.17;
T_4.16 ;
    %load/vec4 v0x63c55bd5dc20_0;
    %addi 1, 0, 4;
    %assign/vec4 v0x63c55bd5dc20_0, 0;
    %pushi/vec4 2, 0, 2;
    %assign/vec4 v0x63c55bd5e100_0, 0;
T_4.17 ;
    %jmp T_4.9;
T_4.7 ;
    %pushi/vec4 0, 0, 2;
    %assign/vec4 v0x63c55bd5e100_0, 0;
    %pushi/vec4 1, 0, 1;
    %assign/vec4 v0x63c55bd3e600_0, 0;
    %jmp T_4.9;
T_4.9 ;
    %pop/vec4 1;
T_4.1 ;
    %jmp T_4;
    .thread T_4;
    .scope S_0x63c55bd5cf40;
T_5 ;
    %wait E_0x63c55bd2e580;
    %load/vec4 v0x63c55bd3e1a0_0;
    %inv;
    %flag_set/vec4 8;
    %jmp/0xz  T_5.0, 8;
    %pushi/vec4 0, 0, 16;
    %assign/vec4 v0x63c55bd3dd40_0, 0;
    %pushi/vec4 0, 0, 1;
    %assign/vec4 v0x63c55bd3e3d0_0, 0;
    %jmp T_5.1;
T_5.0 ;
    %load/vec4 v0x63c55bd3dd40_0;
    %load/vec4 v0x63c55bd3df70_0;
    %cmp/e;
    %jmp/0xz  T_5.2, 4;
    %load/vec4 v0x63c55bd3e3d0_0;
    %inv;
    %assign/vec4 v0x63c55bd3e3d0_0, 0;
    %pushi/vec4 0, 0, 16;
    %assign/vec4 v0x63c55bd3dd40_0, 0;
    %jmp T_5.3;
T_5.2 ;
    %load/vec4 v0x63c55bd3dd40_0;
    %addi 1, 0, 16;
    %store/vec4 v0x63c55bd3dd40_0, 0, 16;
T_5.3 ;
T_5.1 ;
    %jmp T_5;
    .thread T_5;
    .scope S_0x63c55bd2a340;
T_6 ;
    %delay 5000, 0;
    %load/vec4 v0x63c55bd603b0_0;
    %inv;
    %store/vec4 v0x63c55bd603b0_0, 0, 1;
    %jmp T_6;
    .thread T_6;
    .scope S_0x63c55bd2a340;
T_7 ;
    %delay 5000, 0;
    %load/vec4 v0x63c55bd604e0_0;
    %inv;
    %store/vec4 v0x63c55bd604e0_0, 0, 1;
    %jmp T_7;
    .thread T_7;
    .scope S_0x63c55bd2a340;
T_8 ;
    %pushi/vec4 14, 0, 32;
    %ix/load 4, 0, 0;
    %flag_set/imm 4, 0;
    %store/vec4a v0x63c55bd60850, 4, 0;
    %pushi/vec4 22, 0, 32;
    %ix/load 4, 1, 0;
    %flag_set/imm 4, 0;
    %store/vec4a v0x63c55bd60850, 4, 0;
    %pushi/vec4 48, 0, 32;
    %ix/load 4, 2, 0;
    %flag_set/imm 4, 0;
    %store/vec4a v0x63c55bd60850, 4, 0;
    %pushi/vec4 12, 0, 32;
    %ix/load 4, 3, 0;
    %flag_set/imm 4, 0;
    %store/vec4a v0x63c55bd60850, 4, 0;
    %pushi/vec4 54, 0, 32;
    %ix/load 4, 4, 0;
    %flag_set/imm 4, 0;
    %store/vec4a v0x63c55bd60850, 4, 0;
    %pushi/vec4 32, 0, 32;
    %ix/load 4, 5, 0;
    %flag_set/imm 4, 0;
    %store/vec4a v0x63c55bd60850, 4, 0;
    %pushi/vec4 64, 0, 32;
    %ix/load 4, 6, 0;
    %flag_set/imm 4, 0;
    %store/vec4a v0x63c55bd60850, 4, 0;
    %pushi/vec4 78, 0, 32;
    %ix/load 4, 7, 0;
    %flag_set/imm 4, 0;
    %store/vec4a v0x63c55bd60850, 4, 0;
    %end;
    .thread T_8;
    .scope S_0x63c55bd2a340;
T_9 ;
    %pushi/vec4 0, 0, 1;
    %store/vec4 v0x63c55bd603b0_0, 0, 1;
    %pushi/vec4 0, 0, 1;
    %store/vec4 v0x63c55bd60910_0, 0, 1;
    %pushi/vec4 0, 0, 32;
    %store/vec4 v0x63c55bd60770_0, 0, 32;
    %pushi/vec4 1, 0, 1;
    %store/vec4 v0x63c55bd5fe90_0, 0, 1;
    %delay 7000, 0;
    %load/vec4 v0x63c55bd60910_0;
    %inv;
    %store/vec4 v0x63c55bd60910_0, 0, 1;
    %pushi/vec4 8, 0, 32;
T_9.0 %dup/vec4;
    %pushi/vec4 0, 0, 32;
    %cmp/s;
    %jmp/1xz T_9.1, 5;
    %jmp/1 T_9.1, 4;
    %pushi/vec4 1, 0, 32;
    %sub;
    %fork t_1, S_0x63c55bd30be0;
    %jmp t_0;
    .scope S_0x63c55bd30be0;
t_1 ;
    %pushi/vec4 0, 0, 32;
    %store/vec4 v0x63c55bd3d940_0, 0, 32;
T_9.2 ;
    %load/vec4 v0x63c55bd3d940_0;
    %cmpi/s 8, 0, 32;
    %flag_or 5, 4;
    %jmp/0xz T_9.3, 5;
    %ix/getv/s 4, v0x63c55bd60770_0;
    %load/vec4a v0x63c55bd60850, 4;
    %load/vec4 v0x63c55bd3d940_0;
    %part/s 1;
    %store/vec4 v0x63c55bd5fe90_0, 0, 1;
    %wait E_0x63c55bd2f4d0;
    %wait E_0x63c55bd2f4d0;
    %wait E_0x63c55bd2f4d0;
    %wait E_0x63c55bd2f4d0;
    %wait E_0x63c55bd2f4d0;
    %wait E_0x63c55bd2f4d0;
    %wait E_0x63c55bd2f4d0;
    %wait E_0x63c55bd2f4d0;
    %wait E_0x63c55bd2f4d0;
    %wait E_0x63c55bd2f4d0;
    %wait E_0x63c55bd2f4d0;
    %wait E_0x63c55bd2f4d0;
    %load/vec4 v0x63c55bd3d940_0;
    %addi 1, 0, 32;
    %store/vec4 v0x63c55bd3d940_0, 0, 32;
    %jmp T_9.2;
T_9.3 ;
    %end;
    .scope S_0x63c55bd2a340;
t_0 %join;
    %load/vec4 v0x63c55bd60770_0;
    %addi 1, 0, 32;
    %store/vec4 v0x63c55bd60770_0, 0, 32;
    %pushi/vec4 1, 0, 1;
    %store/vec4 v0x63c55bd5fe90_0, 0, 1;
    %vpi_call 2 311 "$display", "Data = %0d", v0x63c55bd606b0_0 {0 0 0};
    %wait E_0x63c55bd2f4d0;
    %wait E_0x63c55bd2f4d0;
    %wait E_0x63c55bd2f4d0;
    %wait E_0x63c55bd2f4d0;
    %jmp T_9.0;
T_9.1 ;
    %pop/vec4 1;
    %pushi/vec4 1, 0, 1;
    %store/vec4 v0x63c55bd5fe90_0, 0, 1;
    %wait E_0x63c55bd2f4d0;
    %wait E_0x63c55bd2f4d0;
    %wait E_0x63c55bd2f4d0;
    %vpi_call 2 325 "$finish" {0 0 0};
    %end;
    .thread T_9;
    .scope S_0x63c55bd2a340;
T_10 ;
    %vpi_call 2 334 "$dumpfile", "dump.vcd" {0 0 0};
    %vpi_call 2 335 "$dumpvars", 32'sb00000000000000000000000000000000, S_0x63c55bd2a340 {0 0 0};
    %end;
    .thread T_10;
# The file index is used to find the file name in the following table.
:file_names 3;
    "N/A";
    "<interactive>";
    "UART.v";
